{"/Users/kseniakuncevic/education/RolingScope/kseniakuntsevich-RS2019Q3/piskel-clone/src/components/canvas/Canvas.js": {"path":"/Users/kseniakuncevic/education/RolingScope/kseniakuntsevich-RS2019Q3/piskel-clone/src/components/canvas/Canvas.js","statementMap":{"0":{"start":{"line":3,"column":4},"end":{"line":3,"column":25}},"1":{"start":{"line":4,"column":4},"end":{"line":4,"column":35}},"2":{"start":{"line":5,"column":4},"end":{"line":5,"column":72}},"3":{"start":{"line":6,"column":4},"end":{"line":9,"column":6}},"4":{"start":{"line":10,"column":4},"end":{"line":10,"column":32}},"5":{"start":{"line":14,"column":4},"end":{"line":17,"column":7}},"6":{"start":{"line":15,"column":20},"end":{"line":15,"column":44}},"7":{"start":{"line":16,"column":6},"end":{"line":16,"column":55}},"8":{"start":{"line":16,"column":17},"end":{"line":16,"column":55}},"9":{"start":{"line":21,"column":4},"end":{"line":24,"column":5}},"10":{"start":{"line":22,"column":6},"end":{"line":22,"column":31}},"11":{"start":{"line":23,"column":6},"end":{"line":23,"column":43}},"12":{"start":{"line":28,"column":15},"end":{"line":28,"column":39}},"13":{"start":{"line":29,"column":4},"end":{"line":29,"column":69}},"14":{"start":{"line":33,"column":4},"end":{"line":33,"column":31}},"15":{"start":{"line":37,"column":4},"end":{"line":37,"column":51}},"16":{"start":{"line":41,"column":4},"end":{"line":41,"column":43}},"17":{"start":{"line":46,"column":4},"end":{"line":58,"column":5}},"18":{"start":{"line":47,"column":16},"end":{"line":47,"column":34}},"19":{"start":{"line":48,"column":6},"end":{"line":48,"column":24}},"20":{"start":{"line":49,"column":23},"end":{"line":49,"column":56}},"21":{"start":{"line":50,"column":24},"end":{"line":50,"column":61}},"22":{"start":{"line":51,"column":20},"end":{"line":51,"column":51}},"23":{"start":{"line":52,"column":6},"end":{"line":52,"column":43}},"24":{"start":{"line":52,"column":21},"end":{"line":52,"column":43}},"25":{"start":{"line":53,"column":6},"end":{"line":53,"column":45}},"26":{"start":{"line":53,"column":29},"end":{"line":53,"column":45}},"27":{"start":{"line":54,"column":11},"end":{"line":58,"column":5}},"28":{"start":{"line":55,"column":19},"end":{"line":55,"column":105}},"29":{"start":{"line":56,"column":21},"end":{"line":56,"column":92}},"30":{"start":{"line":57,"column":6},"end":{"line":57,"column":31}},"31":{"start":{"line":57,"column":18},"end":{"line":57,"column":31}},"32":{"start":{"line":60,"column":4},"end":{"line":63,"column":5}},"33":{"start":{"line":61,"column":6},"end":{"line":61,"column":43}},"34":{"start":{"line":62,"column":6},"end":{"line":62,"column":41}},"35":{"start":{"line":67,"column":19},"end":{"line":67,"column":41}},"36":{"start":{"line":68,"column":23},"end":{"line":68,"column":27}},"37":{"start":{"line":70,"column":16},"end":{"line":70,"column":39}},"38":{"start":{"line":71,"column":4},"end":{"line":71,"column":53}},"39":{"start":{"line":73,"column":22},"end":{"line":73,"column":65}},"40":{"start":{"line":74,"column":22},"end":{"line":74,"column":63}},"41":{"start":{"line":76,"column":12},"end":{"line":76,"column":13}},"42":{"start":{"line":77,"column":12},"end":{"line":77,"column":13}},"43":{"start":{"line":79,"column":4},"end":{"line":88,"column":7}},"44":{"start":{"line":80,"column":6},"end":{"line":84,"column":9}},"45":{"start":{"line":81,"column":8},"end":{"line":81,"column":42}},"46":{"start":{"line":82,"column":8},"end":{"line":82,"column":62}},"47":{"start":{"line":83,"column":8},"end":{"line":83,"column":23}},"48":{"start":{"line":86,"column":6},"end":{"line":86,"column":12}},"49":{"start":{"line":87,"column":6},"end":{"line":87,"column":21}},"50":{"start":{"line":92,"column":4},"end":{"line":104,"column":5}},"51":{"start":{"line":93,"column":18},"end":{"line":93,"column":46}},"52":{"start":{"line":94,"column":19},"end":{"line":94,"column":40}},"53":{"start":{"line":95,"column":6},"end":{"line":103,"column":7}},"54":{"start":{"line":97,"column":10},"end":{"line":97,"column":36}},"55":{"start":{"line":98,"column":10},"end":{"line":98,"column":51}},"56":{"start":{"line":99,"column":10},"end":{"line":99,"column":16}},"57":{"start":{"line":102,"column":10},"end":{"line":102,"column":44}}},"fnMap":{"0":{"name":"(anonymous_0)","decl":{"start":{"line":2,"column":2},"end":{"line":2,"column":3}},"loc":{"start":{"line":2,"column":42},"end":{"line":11,"column":3}},"line":2},"1":{"name":"(anonymous_1)","decl":{"start":{"line":13,"column":2},"end":{"line":13,"column":3}},"loc":{"start":{"line":13,"column":25},"end":{"line":18,"column":3}},"line":13},"2":{"name":"(anonymous_2)","decl":{"start":{"line":14,"column":39},"end":{"line":14,"column":40}},"loc":{"start":{"line":14,"column":47},"end":{"line":17,"column":5}},"line":14},"3":{"name":"(anonymous_3)","decl":{"start":{"line":20,"column":2},"end":{"line":20,"column":3}},"loc":{"start":{"line":20,"column":22},"end":{"line":25,"column":3}},"line":20},"4":{"name":"(anonymous_4)","decl":{"start":{"line":27,"column":2},"end":{"line":27,"column":3}},"loc":{"start":{"line":27,"column":16},"end":{"line":30,"column":3}},"line":27},"5":{"name":"(anonymous_5)","decl":{"start":{"line":32,"column":2},"end":{"line":32,"column":3}},"loc":{"start":{"line":32,"column":22},"end":{"line":34,"column":3}},"line":32},"6":{"name":"(anonymous_6)","decl":{"start":{"line":36,"column":2},"end":{"line":36,"column":3}},"loc":{"start":{"line":36,"column":20},"end":{"line":38,"column":3}},"line":36},"7":{"name":"(anonymous_7)","decl":{"start":{"line":40,"column":2},"end":{"line":40,"column":3}},"loc":{"start":{"line":40,"column":19},"end":{"line":42,"column":3}},"line":40},"8":{"name":"(anonymous_8)","decl":{"start":{"line":44,"column":2},"end":{"line":44,"column":3}},"loc":{"start":{"line":44,"column":31},"end":{"line":64,"column":3}},"line":44},"9":{"name":"(anonymous_9)","decl":{"start":{"line":66,"column":2},"end":{"line":66,"column":3}},"loc":{"start":{"line":66,"column":15},"end":{"line":89,"column":3}},"line":66},"10":{"name":"(anonymous_10)","decl":{"start":{"line":79,"column":19},"end":{"line":79,"column":20}},"loc":{"start":{"line":79,"column":28},"end":{"line":88,"column":5}},"line":79},"11":{"name":"(anonymous_11)","decl":{"start":{"line":80,"column":18},"end":{"line":80,"column":19}},"loc":{"start":{"line":80,"column":31},"end":{"line":84,"column":7}},"line":80},"12":{"name":"(anonymous_12)","decl":{"start":{"line":91,"column":2},"end":{"line":91,"column":3}},"loc":{"start":{"line":91,"column":51},"end":{"line":105,"column":3}},"line":91}},"branchMap":{"0":{"loc":{"start":{"line":4,"column":20},"end":{"line":4,"column":34}},"type":"binary-expr","locations":[{"start":{"line":4,"column":20},"end":{"line":4,"column":28}},{"start":{"line":4,"column":32},"end":{"line":4,"column":34}}],"line":4},"1":{"loc":{"start":{"line":5,"column":26},"end":{"line":5,"column":71}},"type":"binary-expr","locations":[{"start":{"line":5,"column":26},"end":{"line":5,"column":59}},{"start":{"line":5,"column":63},"end":{"line":5,"column":71}}],"line":5},"2":{"loc":{"start":{"line":16,"column":6},"end":{"line":16,"column":55}},"type":"if","locations":[{"start":{"line":16,"column":6},"end":{"line":16,"column":55}},{"start":{"line":16,"column":6},"end":{"line":16,"column":55}}],"line":16},"3":{"loc":{"start":{"line":21,"column":4},"end":{"line":24,"column":5}},"type":"if","locations":[{"start":{"line":21,"column":4},"end":{"line":24,"column":5}},{"start":{"line":21,"column":4},"end":{"line":24,"column":5}}],"line":21},"4":{"loc":{"start":{"line":46,"column":4},"end":{"line":58,"column":5}},"type":"if","locations":[{"start":{"line":46,"column":4},"end":{"line":58,"column":5}},{"start":{"line":46,"column":4},"end":{"line":58,"column":5}}],"line":46},"5":{"loc":{"start":{"line":52,"column":6},"end":{"line":52,"column":43}},"type":"if","locations":[{"start":{"line":52,"column":6},"end":{"line":52,"column":43}},{"start":{"line":52,"column":6},"end":{"line":52,"column":43}}],"line":52},"6":{"loc":{"start":{"line":53,"column":6},"end":{"line":53,"column":45}},"type":"if","locations":[{"start":{"line":53,"column":6},"end":{"line":53,"column":45}},{"start":{"line":53,"column":6},"end":{"line":53,"column":45}}],"line":53},"7":{"loc":{"start":{"line":53,"column":10},"end":{"line":53,"column":27}},"type":"binary-expr","locations":[{"start":{"line":53,"column":10},"end":{"line":53,"column":18}},{"start":{"line":53,"column":22},"end":{"line":53,"column":27}}],"line":53},"8":{"loc":{"start":{"line":54,"column":11},"end":{"line":58,"column":5}},"type":"if","locations":[{"start":{"line":54,"column":11},"end":{"line":58,"column":5}},{"start":{"line":54,"column":11},"end":{"line":58,"column":5}}],"line":54},"9":{"loc":{"start":{"line":54,"column":15},"end":{"line":54,"column":61}},"type":"binary-expr","locations":[{"start":{"line":54,"column":15},"end":{"line":54,"column":37}},{"start":{"line":54,"column":41},"end":{"line":54,"column":61}}],"line":54},"10":{"loc":{"start":{"line":57,"column":6},"end":{"line":57,"column":31}},"type":"if","locations":[{"start":{"line":57,"column":6},"end":{"line":57,"column":31}},{"start":{"line":57,"column":6},"end":{"line":57,"column":31}}],"line":57},"11":{"loc":{"start":{"line":60,"column":4},"end":{"line":63,"column":5}},"type":"if","locations":[{"start":{"line":60,"column":4},"end":{"line":63,"column":5}},{"start":{"line":60,"column":4},"end":{"line":63,"column":5}}],"line":60},"12":{"loc":{"start":{"line":92,"column":4},"end":{"line":104,"column":5}},"type":"if","locations":[{"start":{"line":92,"column":4},"end":{"line":104,"column":5}},{"start":{"line":92,"column":4},"end":{"line":104,"column":5}}],"line":92},"13":{"loc":{"start":{"line":95,"column":6},"end":{"line":103,"column":7}},"type":"switch","locations":[{"start":{"line":96,"column":8},"end":{"line":99,"column":16}},{"start":{"line":101,"column":8},"end":{"line":102,"column":44}}],"line":95}},"s":{"0":15,"1":15,"2":15,"3":15,"4":15,"5":16,"6":5,"7":5,"8":0,"9":19,"10":16,"11":16,"12":8,"13":8,"14":74,"15":48,"16":7,"17":42,"18":37,"19":37,"20":37,"21":37,"22":37,"23":37,"24":5,"25":37,"26":27,"27":5,"28":4,"29":4,"30":4,"31":3,"32":42,"33":35,"34":35,"35":1,"36":1,"37":1,"38":1,"39":1,"40":1,"41":1,"42":1,"43":1,"44":4,"45":16,"46":16,"47":16,"48":4,"49":4,"50":32,"51":32,"52":32,"53":32,"54":32,"55":32,"56":32,"57":0},"f":{"0":15,"1":16,"2":5,"3":19,"4":8,"5":74,"6":48,"7":7,"8":42,"9":1,"10":4,"11":16,"12":32},"b":{"0":[15,0],"1":[15,15],"2":[0,5],"3":[16,3],"4":[37,5],"5":[5,32],"6":[27,10],"7":[37,32],"8":[4,1],"9":[5,4],"10":[3,1],"11":[35,7],"12":[32,0],"13":[32,0]},"_coverageSchema":"43e27e138ebf9cfc5966b082cf9a028302ed4184","hash":"7dcf413e4a0b4da65aa15f7b4405c34c30022904"}
,"/Users/kseniakuncevic/education/RolingScope/kseniakuntsevich-RS2019Q3/piskel-clone/src/components/canvas-animation/CanvasAnimation.js": {"path":"/Users/kseniakuncevic/education/RolingScope/kseniakuntsevich-RS2019Q3/piskel-clone/src/components/canvas-animation/CanvasAnimation.js","statementMap":{"0":{"start":{"line":5,"column":4},"end":{"line":5,"column":58}},"1":{"start":{"line":6,"column":4},"end":{"line":6,"column":23}},"2":{"start":{"line":7,"column":4},"end":{"line":7,"column":21}},"3":{"start":{"line":8,"column":4},"end":{"line":8,"column":24}},"4":{"start":{"line":9,"column":4},"end":{"line":9,"column":73}},"5":{"start":{"line":10,"column":4},"end":{"line":10,"column":32}},"6":{"start":{"line":14,"column":4},"end":{"line":14,"column":35}},"7":{"start":{"line":15,"column":4},"end":{"line":15,"column":32}},"8":{"start":{"line":16,"column":4},"end":{"line":16,"column":23}},"9":{"start":{"line":17,"column":4},"end":{"line":17,"column":42}},"10":{"start":{"line":18,"column":4},"end":{"line":20,"column":13}},"11":{"start":{"line":19,"column":6},"end":{"line":19,"column":64}},"12":{"start":{"line":19,"column":35},"end":{"line":19,"column":62}},"13":{"start":{"line":21,"column":4},"end":{"line":21,"column":91}},"14":{"start":{"line":21,"column":23},"end":{"line":21,"column":91}},"15":{"start":{"line":21,"column":71},"end":{"line":21,"column":89}},"16":{"start":{"line":25,"column":4},"end":{"line":25,"column":32}},"17":{"start":{"line":26,"column":4},"end":{"line":26,"column":33}},"18":{"start":{"line":30,"column":4},"end":{"line":30,"column":49}},"19":{"start":{"line":30,"column":23},"end":{"line":30,"column":49}},"20":{"start":{"line":34,"column":4},"end":{"line":34,"column":52}},"21":{"start":{"line":38,"column":21},"end":{"line":38,"column":36}},"22":{"start":{"line":39,"column":4},"end":{"line":43,"column":5}},"23":{"start":{"line":40,"column":6},"end":{"line":40,"column":42}},"24":{"start":{"line":41,"column":6},"end":{"line":41,"column":28}},"25":{"start":{"line":42,"column":6},"end":{"line":42,"column":55}},"26":{"start":{"line":47,"column":4},"end":{"line":47,"column":32}},"27":{"start":{"line":48,"column":4},"end":{"line":50,"column":21}},"28":{"start":{"line":49,"column":6},"end":{"line":49,"column":55}},"29":{"start":{"line":49,"column":35},"end":{"line":49,"column":53}},"30":{"start":{"line":54,"column":4},"end":{"line":54,"column":71}},"31":{"start":{"line":55,"column":4},"end":{"line":58,"column":7}},"32":{"start":{"line":56,"column":21},"end":{"line":56,"column":25}},"33":{"start":{"line":57,"column":6},"end":{"line":57,"column":55}},"34":{"start":{"line":59,"column":4},"end":{"line":59,"column":50}},"35":{"start":{"line":64,"column":4},"end":{"line":64,"column":75}},"36":{"start":{"line":65,"column":15},"end":{"line":65,"column":42}},"37":{"start":{"line":66,"column":4},"end":{"line":66,"column":20}},"38":{"start":{"line":66,"column":13},"end":{"line":66,"column":20}},"39":{"start":{"line":67,"column":4},"end":{"line":67,"column":47}},"40":{"start":{"line":68,"column":4},"end":{"line":68,"column":40}},"41":{"start":{"line":69,"column":4},"end":{"line":69,"column":22}}},"fnMap":{"0":{"name":"(anonymous_0)","decl":{"start":{"line":4,"column":2},"end":{"line":4,"column":3}},"loc":{"start":{"line":4,"column":27},"end":{"line":11,"column":3}},"line":4},"1":{"name":"(anonymous_1)","decl":{"start":{"line":13,"column":2},"end":{"line":13,"column":3}},"loc":{"start":{"line":13,"column":10},"end":{"line":22,"column":3}},"line":13},"2":{"name":"(anonymous_2)","decl":{"start":{"line":18,"column":32},"end":{"line":18,"column":33}},"loc":{"start":{"line":18,"column":38},"end":{"line":20,"column":5}},"line":18},"3":{"name":"(anonymous_3)","decl":{"start":{"line":19,"column":29},"end":{"line":19,"column":30}},"loc":{"start":{"line":19,"column":35},"end":{"line":19,"column":62}},"line":19},"4":{"name":"(anonymous_4)","decl":{"start":{"line":21,"column":64},"end":{"line":21,"column":65}},"loc":{"start":{"line":21,"column":71},"end":{"line":21,"column":89}},"line":21},"5":{"name":"(anonymous_5)","decl":{"start":{"line":24,"column":2},"end":{"line":24,"column":3}},"loc":{"start":{"line":24,"column":11},"end":{"line":27,"column":3}},"line":24},"6":{"name":"(anonymous_6)","decl":{"start":{"line":29,"column":2},"end":{"line":29,"column":3}},"loc":{"start":{"line":29,"column":21},"end":{"line":31,"column":3}},"line":29},"7":{"name":"(anonymous_7)","decl":{"start":{"line":33,"column":2},"end":{"line":33,"column":3}},"loc":{"start":{"line":33,"column":19},"end":{"line":35,"column":3}},"line":33},"8":{"name":"(anonymous_8)","decl":{"start":{"line":37,"column":2},"end":{"line":37,"column":3}},"loc":{"start":{"line":37,"column":16},"end":{"line":44,"column":3}},"line":37},"9":{"name":"(anonymous_9)","decl":{"start":{"line":46,"column":2},"end":{"line":46,"column":3}},"loc":{"start":{"line":46,"column":30},"end":{"line":51,"column":3}},"line":46},"10":{"name":"(anonymous_10)","decl":{"start":{"line":48,"column":31},"end":{"line":48,"column":32}},"loc":{"start":{"line":48,"column":37},"end":{"line":50,"column":5}},"line":48},"11":{"name":"(anonymous_11)","decl":{"start":{"line":49,"column":29},"end":{"line":49,"column":30}},"loc":{"start":{"line":49,"column":35},"end":{"line":49,"column":53}},"line":49},"12":{"name":"(anonymous_12)","decl":{"start":{"line":53,"column":2},"end":{"line":53,"column":3}},"loc":{"start":{"line":53,"column":25},"end":{"line":60,"column":3}},"line":53},"13":{"name":"(anonymous_13)","decl":{"start":{"line":55,"column":26},"end":{"line":55,"column":27}},"loc":{"start":{"line":55,"column":34},"end":{"line":58,"column":5}},"line":55},"14":{"name":"(anonymous_14)","decl":{"start":{"line":63,"column":2},"end":{"line":63,"column":3}},"loc":{"start":{"line":63,"column":16},"end":{"line":70,"column":3}},"line":63}},"branchMap":{"0":{"loc":{"start":{"line":9,"column":17},"end":{"line":9,"column":72}},"type":"binary-expr","locations":[{"start":{"line":9,"column":17},"end":{"line":9,"column":67}},{"start":{"line":9,"column":71},"end":{"line":9,"column":72}}],"line":9},"1":{"loc":{"start":{"line":10,"column":20},"end":{"line":10,"column":31}},"type":"binary-expr","locations":[{"start":{"line":10,"column":20},"end":{"line":10,"column":23}},{"start":{"line":10,"column":27},"end":{"line":10,"column":31}}],"line":10},"2":{"loc":{"start":{"line":21,"column":4},"end":{"line":21,"column":91}},"type":"if","locations":[{"start":{"line":21,"column":4},"end":{"line":21,"column":91}},{"start":{"line":21,"column":4},"end":{"line":21,"column":91}}],"line":21},"3":{"loc":{"start":{"line":30,"column":4},"end":{"line":30,"column":49}},"type":"if","locations":[{"start":{"line":30,"column":4},"end":{"line":30,"column":49}},{"start":{"line":30,"column":4},"end":{"line":30,"column":49}}],"line":30},"4":{"loc":{"start":{"line":34,"column":11},"end":{"line":34,"column":51}},"type":"binary-expr","locations":[{"start":{"line":34,"column":11},"end":{"line":34,"column":16}},{"start":{"line":34,"column":20},"end":{"line":34,"column":26}},{"start":{"line":34,"column":30},"end":{"line":34,"column":51}}],"line":34},"5":{"loc":{"start":{"line":39,"column":4},"end":{"line":43,"column":5}},"type":"if","locations":[{"start":{"line":39,"column":4},"end":{"line":43,"column":5}},{"start":{"line":39,"column":4},"end":{"line":43,"column":5}}],"line":39},"6":{"loc":{"start":{"line":54,"column":20},"end":{"line":54,"column":70}},"type":"binary-expr","locations":[{"start":{"line":54,"column":20},"end":{"line":54,"column":64}},{"start":{"line":54,"column":68},"end":{"line":54,"column":70}}],"line":54},"7":{"loc":{"start":{"line":64,"column":19},"end":{"line":64,"column":74}},"type":"cond-expr","locations":[{"start":{"line":64,"column":58},"end":{"line":64,"column":59}},{"start":{"line":64,"column":62},"end":{"line":64,"column":74}}],"line":64},"8":{"loc":{"start":{"line":66,"column":4},"end":{"line":66,"column":20}},"type":"if","locations":[{"start":{"line":66,"column":4},"end":{"line":66,"column":20}},{"start":{"line":66,"column":4},"end":{"line":66,"column":20}}],"line":66}},"s":{"0":3,"1":3,"2":3,"3":3,"4":3,"5":3,"6":1,"7":1,"8":1,"9":1,"10":1,"11":0,"12":0,"13":1,"14":1,"15":0,"16":1,"17":1,"18":2,"19":2,"20":38,"21":1,"22":1,"23":1,"24":1,"25":1,"26":12,"27":12,"28":0,"29":0,"30":1,"31":1,"32":0,"33":0,"34":1,"35":6,"36":6,"37":6,"38":6,"39":0,"40":0,"41":0},"f":{"0":3,"1":1,"2":0,"3":0,"4":0,"5":1,"6":2,"7":38,"8":1,"9":12,"10":0,"11":0,"12":1,"13":0,"14":6},"b":{"0":[3,3],"1":[3,0],"2":[1,0],"3":[2,0],"4":[38,30,26],"5":[1,0],"6":[1,1],"7":[6,0],"8":[6,0]},"_coverageSchema":"43e27e138ebf9cfc5966b082cf9a028302ed4184","hash":"fb68271bdc0832f3a89c4e0c2dda286482ffd9f1"}
,"/Users/kseniakuncevic/education/RolingScope/kseniakuntsevich-RS2019Q3/piskel-clone/src/components/canvas-animation/FullScreen.js": {"path":"/Users/kseniakuncevic/education/RolingScope/kseniakuntsevich-RS2019Q3/piskel-clone/src/components/canvas-animation/FullScreen.js","statementMap":{"0":{"start":{"line":3,"column":4},"end":{"line":3,"column":27}},"1":{"start":{"line":4,"column":4},"end":{"line":4,"column":29}},"2":{"start":{"line":8,"column":29},"end":{"line":8,"column":31}},"3":{"start":{"line":10,"column":4},"end":{"line":13,"column":5}},"4":{"start":{"line":11,"column":6},"end":{"line":11,"column":93}},"5":{"start":{"line":11,"column":47},"end":{"line":11,"column":91}},"6":{"start":{"line":12,"column":6},"end":{"line":12,"column":59}},"7":{"start":{"line":12,"column":31},"end":{"line":12,"column":57}},"8":{"start":{"line":15,"column":4},"end":{"line":15,"column":32}},"9":{"start":{"line":16,"column":4},"end":{"line":16,"column":20}},"10":{"start":{"line":20,"column":4},"end":{"line":20,"column":24}}},"fnMap":{"0":{"name":"(anonymous_0)","decl":{"start":{"line":2,"column":2},"end":{"line":2,"column":3}},"loc":{"start":{"line":2,"column":33},"end":{"line":5,"column":3}},"line":2},"1":{"name":"(anonymous_1)","decl":{"start":{"line":7,"column":2},"end":{"line":7,"column":3}},"loc":{"start":{"line":7,"column":11},"end":{"line":17,"column":3}},"line":7},"2":{"name":"(anonymous_2)","decl":{"start":{"line":11,"column":41},"end":{"line":11,"column":42}},"loc":{"start":{"line":11,"column":47},"end":{"line":11,"column":91}},"line":11},"3":{"name":"(anonymous_3)","decl":{"start":{"line":12,"column":22},"end":{"line":12,"column":23}},"loc":{"start":{"line":12,"column":31},"end":{"line":12,"column":57}},"line":12},"4":{"name":"(anonymous_4)","decl":{"start":{"line":19,"column":2},"end":{"line":19,"column":3}},"loc":{"start":{"line":19,"column":16},"end":{"line":21,"column":3}},"line":19}},"branchMap":{"0":{"loc":{"start":{"line":10,"column":4},"end":{"line":13,"column":5}},"type":"if","locations":[{"start":{"line":10,"column":4},"end":{"line":13,"column":5}},{"start":{"line":10,"column":4},"end":{"line":13,"column":5}}],"line":10}},"s":{"0":3,"1":3,"2":1,"3":1,"4":0,"5":0,"6":0,"7":0,"8":1,"9":1,"10":2},"f":{"0":3,"1":1,"2":0,"3":0,"4":2},"b":{"0":[0,1]},"_coverageSchema":"43e27e138ebf9cfc5966b082cf9a028302ed4184","hash":"6124a036d17de7bb1e934b7712524f14851d6b7a"}
,"/Users/kseniakuncevic/education/RolingScope/kseniakuntsevich-RS2019Q3/piskel-clone/src/components/frames-list/DragnDrop.js": {"path":"/Users/kseniakuncevic/education/RolingScope/kseniakuntsevich-RS2019Q3/piskel-clone/src/components/frames-list/DragnDrop.js","statementMap":{"0":{"start":{"line":3,"column":4},"end":{"line":3,"column":29}},"1":{"start":{"line":4,"column":4},"end":{"line":4,"column":23}},"2":{"start":{"line":5,"column":4},"end":{"line":5,"column":23}},"3":{"start":{"line":6,"column":4},"end":{"line":6,"column":23}},"4":{"start":{"line":7,"column":4},"end":{"line":7,"column":24}},"5":{"start":{"line":11,"column":4},"end":{"line":11,"column":23}},"6":{"start":{"line":12,"column":4},"end":{"line":12,"column":39}},"7":{"start":{"line":13,"column":23},"end":{"line":13,"column":24}},"8":{"start":{"line":14,"column":15},"end":{"line":14,"column":79}},"9":{"start":{"line":15,"column":4},"end":{"line":17,"column":5}},"10":{"start":{"line":16,"column":6},"end":{"line":16,"column":48}},"11":{"start":{"line":21,"column":4},"end":{"line":21,"column":23}},"12":{"start":{"line":22,"column":4},"end":{"line":22,"column":42}},"13":{"start":{"line":23,"column":4},"end":{"line":23,"column":72}},"14":{"start":{"line":24,"column":4},"end":{"line":24,"column":70}},"15":{"start":{"line":26,"column":4},"end":{"line":28,"column":5}},"16":{"start":{"line":27,"column":6},"end":{"line":27,"column":33}},"17":{"start":{"line":32,"column":4},"end":{"line":32,"column":76}},"18":{"start":{"line":32,"column":47},"end":{"line":32,"column":66}},"19":{"start":{"line":32,"column":67},"end":{"line":32,"column":74}},"20":{"start":{"line":33,"column":19},"end":{"line":33,"column":27}},"21":{"start":{"line":34,"column":4},"end":{"line":34,"column":25}},"22":{"start":{"line":35,"column":4},"end":{"line":35,"column":37}},"23":{"start":{"line":37,"column":4},"end":{"line":37,"column":42}},"24":{"start":{"line":38,"column":4},"end":{"line":38,"column":55}},"25":{"start":{"line":40,"column":4},"end":{"line":40,"column":87}},"26":{"start":{"line":40,"column":56},"end":{"line":40,"column":78}},"27":{"start":{"line":41,"column":4},"end":{"line":41,"column":85}},"28":{"start":{"line":41,"column":55},"end":{"line":41,"column":76}},"29":{"start":{"line":43,"column":4},"end":{"line":43,"column":34}},"30":{"start":{"line":47,"column":18},"end":{"line":47,"column":48}},"31":{"start":{"line":48,"column":4},"end":{"line":50,"column":7}},"32":{"start":{"line":49,"column":6},"end":{"line":49,"column":32}},"33":{"start":{"line":52,"column":4},"end":{"line":52,"column":69}},"34":{"start":{"line":52,"column":48},"end":{"line":52,"column":67}}},"fnMap":{"0":{"name":"(anonymous_0)","decl":{"start":{"line":2,"column":2},"end":{"line":2,"column":3}},"loc":{"start":{"line":2,"column":30},"end":{"line":8,"column":3}},"line":2},"1":{"name":"(anonymous_1)","decl":{"start":{"line":10,"column":2},"end":{"line":10,"column":3}},"loc":{"start":{"line":10,"column":16},"end":{"line":18,"column":3}},"line":10},"2":{"name":"(anonymous_2)","decl":{"start":{"line":20,"column":2},"end":{"line":20,"column":3}},"loc":{"start":{"line":20,"column":15},"end":{"line":29,"column":3}},"line":20},"3":{"name":"(anonymous_3)","decl":{"start":{"line":31,"column":2},"end":{"line":31,"column":3}},"loc":{"start":{"line":31,"column":17},"end":{"line":44,"column":3}},"line":31},"4":{"name":"(anonymous_4)","decl":{"start":{"line":40,"column":45},"end":{"line":40,"column":46}},"loc":{"start":{"line":40,"column":56},"end":{"line":40,"column":78}},"line":40},"5":{"name":"(anonymous_5)","decl":{"start":{"line":41,"column":44},"end":{"line":41,"column":45}},"loc":{"start":{"line":41,"column":55},"end":{"line":41,"column":76}},"line":41},"6":{"name":"(anonymous_6)","decl":{"start":{"line":46,"column":2},"end":{"line":46,"column":3}},"loc":{"start":{"line":46,"column":19},"end":{"line":53,"column":3}},"line":46},"7":{"name":"(anonymous_7)","decl":{"start":{"line":48,"column":18},"end":{"line":48,"column":19}},"loc":{"start":{"line":48,"column":29},"end":{"line":50,"column":5}},"line":48},"8":{"name":"(anonymous_8)","decl":{"start":{"line":52,"column":41},"end":{"line":52,"column":42}},"loc":{"start":{"line":52,"column":48},"end":{"line":52,"column":67}},"line":52}},"branchMap":{"0":{"loc":{"start":{"line":14,"column":15},"end":{"line":14,"column":79}},"type":"cond-expr","locations":[{"start":{"line":14,"column":52},"end":{"line":14,"column":70}},{"start":{"line":14,"column":73},"end":{"line":14,"column":79}}],"line":14},"1":{"loc":{"start":{"line":15,"column":4},"end":{"line":17,"column":5}},"type":"if","locations":[{"start":{"line":15,"column":4},"end":{"line":17,"column":5}},{"start":{"line":15,"column":4},"end":{"line":17,"column":5}}],"line":15},"2":{"loc":{"start":{"line":15,"column":8},"end":{"line":15,"column":82}},"type":"binary-expr","locations":[{"start":{"line":15,"column":8},"end":{"line":15,"column":14}},{"start":{"line":15,"column":18},"end":{"line":15,"column":40}},{"start":{"line":15,"column":44},"end":{"line":15,"column":82}}],"line":15},"3":{"loc":{"start":{"line":26,"column":4},"end":{"line":28,"column":5}},"type":"if","locations":[{"start":{"line":26,"column":4},"end":{"line":28,"column":5}},{"start":{"line":26,"column":4},"end":{"line":28,"column":5}}],"line":26},"4":{"loc":{"start":{"line":32,"column":4},"end":{"line":32,"column":76}},"type":"if","locations":[{"start":{"line":32,"column":4},"end":{"line":32,"column":76}},{"start":{"line":32,"column":4},"end":{"line":32,"column":76}}],"line":32}},"s":{"0":1,"1":1,"2":1,"3":1,"4":1,"5":1,"6":1,"7":1,"8":1,"9":1,"10":0,"11":2,"12":2,"13":2,"14":2,"15":2,"16":2,"17":1,"18":0,"19":0,"20":1,"21":1,"22":1,"23":1,"24":1,"25":1,"26":0,"27":1,"28":0,"29":1,"30":1,"31":1,"32":4,"33":1,"34":0},"f":{"0":1,"1":1,"2":2,"3":1,"4":0,"5":0,"6":1,"7":4,"8":0},"b":{"0":[1,0],"1":[0,1],"2":[1,1,1],"3":[2,0],"4":[0,1]},"_coverageSchema":"43e27e138ebf9cfc5966b082cf9a028302ed4184","hash":"447628afa3f25266ce309222be1300fed812b8d6"}
,"/Users/kseniakuncevic/education/RolingScope/kseniakuntsevich-RS2019Q3/piskel-clone/src/components/frames-list/Frame.js": {"path":"/Users/kseniakuncevic/education/RolingScope/kseniakuntsevich-RS2019Q3/piskel-clone/src/components/frames-list/Frame.js","statementMap":{"0":{"start":{"line":5,"column":4},"end":{"line":5,"column":47}},"1":{"start":{"line":6,"column":4},"end":{"line":6,"column":64}},"2":{"start":{"line":7,"column":4},"end":{"line":7,"column":17}},"3":{"start":{"line":8,"column":4},"end":{"line":8,"column":20}},"4":{"start":{"line":9,"column":4},"end":{"line":9,"column":47}},"5":{"start":{"line":10,"column":4},"end":{"line":10,"column":51}},"6":{"start":{"line":11,"column":4},"end":{"line":11,"column":50}},"7":{"start":{"line":12,"column":4},"end":{"line":12,"column":28}},"8":{"start":{"line":13,"column":4},"end":{"line":13,"column":29}},"9":{"start":{"line":14,"column":4},"end":{"line":14,"column":18}},"10":{"start":{"line":18,"column":22},"end":{"line":18,"column":51}},"11":{"start":{"line":19,"column":22},"end":{"line":19,"column":54}},"12":{"start":{"line":20,"column":25},"end":{"line":20,"column":57}},"13":{"start":{"line":21,"column":17},"end":{"line":21,"column":47}},"14":{"start":{"line":22,"column":16},"end":{"line":22,"column":46}},"15":{"start":{"line":23,"column":18},"end":{"line":23,"column":46}},"16":{"start":{"line":25,"column":4},"end":{"line":25,"column":27}},"17":{"start":{"line":26,"column":4},"end":{"line":26,"column":34}},"18":{"start":{"line":27,"column":4},"end":{"line":27,"column":35}},"19":{"start":{"line":28,"column":4},"end":{"line":28,"column":21}},"20":{"start":{"line":30,"column":4},"end":{"line":30,"column":34}},"21":{"start":{"line":31,"column":4},"end":{"line":31,"column":43}},"22":{"start":{"line":32,"column":4},"end":{"line":32,"column":37}},"23":{"start":{"line":33,"column":4},"end":{"line":33,"column":33}},"24":{"start":{"line":34,"column":4},"end":{"line":34,"column":30}},"25":{"start":{"line":35,"column":4},"end":{"line":35,"column":84}},"26":{"start":{"line":36,"column":4},"end":{"line":36,"column":80}},"27":{"start":{"line":37,"column":4},"end":{"line":37,"column":74}},"28":{"start":{"line":38,"column":4},"end":{"line":38,"column":40}},"29":{"start":{"line":39,"column":4},"end":{"line":39,"column":42}},"30":{"start":{"line":40,"column":4},"end":{"line":40,"column":31}},"31":{"start":{"line":42,"column":4},"end":{"line":42,"column":92}},"32":{"start":{"line":42,"column":49},"end":{"line":42,"column":90}},"33":{"start":{"line":43,"column":4},"end":{"line":43,"column":86}},"34":{"start":{"line":43,"column":46},"end":{"line":43,"column":84}},"35":{"start":{"line":44,"column":4},"end":{"line":46,"column":7}},"36":{"start":{"line":45,"column":6},"end":{"line":45,"column":94}},"37":{"start":{"line":45,"column":41},"end":{"line":45,"column":94}},"38":{"start":{"line":49,"column":4},"end":{"line":49,"column":36}},"39":{"start":{"line":50,"column":4},"end":{"line":50,"column":32}},"40":{"start":{"line":51,"column":4},"end":{"line":51,"column":31}},"41":{"start":{"line":52,"column":4},"end":{"line":52,"column":33}},"42":{"start":{"line":53,"column":4},"end":{"line":53,"column":40}},"43":{"start":{"line":54,"column":4},"end":{"line":54,"column":37}},"44":{"start":{"line":55,"column":4},"end":{"line":55,"column":62}},"45":{"start":{"line":55,"column":24},"end":{"line":55,"column":62}},"46":{"start":{"line":59,"column":20},"end":{"line":59,"column":24}},"47":{"start":{"line":60,"column":17},"end":{"line":60,"column":58}},"48":{"start":{"line":61,"column":4},"end":{"line":70,"column":5}},"49":{"start":{"line":62,"column":25},"end":{"line":62,"column":29}},"50":{"start":{"line":63,"column":29},"end":{"line":63,"column":33}},"51":{"start":{"line":64,"column":20},"end":{"line":64,"column":50}},"52":{"start":{"line":65,"column":6},"end":{"line":65,"column":34}},"53":{"start":{"line":66,"column":6},"end":{"line":66,"column":43}},"54":{"start":{"line":67,"column":6},"end":{"line":67,"column":30}},"55":{"start":{"line":68,"column":18},"end":{"line":68,"column":36}},"56":{"start":{"line":69,"column":6},"end":{"line":69,"column":20}}},"fnMap":{"0":{"name":"(anonymous_0)","decl":{"start":{"line":4,"column":2},"end":{"line":4,"column":3}},"loc":{"start":{"line":4,"column":37},"end":{"line":15,"column":3}},"line":4},"1":{"name":"(anonymous_1)","decl":{"start":{"line":17,"column":2},"end":{"line":17,"column":3}},"loc":{"start":{"line":17,"column":11},"end":{"line":56,"column":3}},"line":17},"2":{"name":"(anonymous_2)","decl":{"start":{"line":42,"column":43},"end":{"line":42,"column":44}},"loc":{"start":{"line":42,"column":49},"end":{"line":42,"column":90}},"line":42},"3":{"name":"(anonymous_3)","decl":{"start":{"line":43,"column":40},"end":{"line":43,"column":41}},"loc":{"start":{"line":43,"column":46},"end":{"line":43,"column":84}},"line":43},"4":{"name":"(anonymous_4)","decl":{"start":{"line":44,"column":40},"end":{"line":44,"column":41}},"loc":{"start":{"line":44,"column":47},"end":{"line":46,"column":5}},"line":44},"5":{"name":"(anonymous_5)","decl":{"start":{"line":58,"column":2},"end":{"line":58,"column":3}},"loc":{"start":{"line":58,"column":14},"end":{"line":71,"column":3}},"line":58}},"branchMap":{"0":{"loc":{"start":{"line":45,"column":6},"end":{"line":45,"column":94}},"type":"if","locations":[{"start":{"line":45,"column":6},"end":{"line":45,"column":94}},{"start":{"line":45,"column":6},"end":{"line":45,"column":94}}],"line":45},"1":{"loc":{"start":{"line":55,"column":4},"end":{"line":55,"column":62}},"type":"if","locations":[{"start":{"line":55,"column":4},"end":{"line":55,"column":62}},{"start":{"line":55,"column":4},"end":{"line":55,"column":62}}],"line":55},"2":{"loc":{"start":{"line":61,"column":4},"end":{"line":70,"column":5}},"type":"if","locations":[{"start":{"line":61,"column":4},"end":{"line":70,"column":5}},{"start":{"line":61,"column":4},"end":{"line":70,"column":5}}],"line":61}},"s":{"0":1,"1":1,"2":1,"3":1,"4":1,"5":1,"6":1,"7":1,"8":1,"9":1,"10":2,"11":2,"12":2,"13":2,"14":2,"15":2,"16":2,"17":2,"18":2,"19":2,"20":2,"21":2,"22":2,"23":2,"24":2,"25":2,"26":2,"27":2,"28":2,"29":2,"30":2,"31":2,"32":0,"33":2,"34":0,"35":2,"36":0,"37":0,"38":2,"39":2,"40":2,"41":2,"42":2,"43":2,"44":2,"45":1,"46":2,"47":2,"48":2,"49":0,"50":0,"51":0,"52":0,"53":0,"54":0,"55":0,"56":0},"f":{"0":1,"1":2,"2":0,"3":0,"4":0,"5":2},"b":{"0":[0,0],"1":[1,1],"2":[0,2]},"_coverageSchema":"43e27e138ebf9cfc5966b082cf9a028302ed4184","hash":"281a6323eb9bfde1d89a7802991d5e325d812435"}
,"/Users/kseniakuncevic/education/RolingScope/kseniakuntsevich-RS2019Q3/piskel-clone/src/components/frames-list/FramesConstructor.js": {"path":"/Users/kseniakuncevic/education/RolingScope/kseniakuntsevich-RS2019Q3/piskel-clone/src/components/frames-list/FramesConstructor.js","statementMap":{"0":{"start":{"line":6,"column":4},"end":{"line":6,"column":25}},"1":{"start":{"line":7,"column":4},"end":{"line":7,"column":24}},"2":{"start":{"line":8,"column":4},"end":{"line":8,"column":64}},"3":{"start":{"line":9,"column":4},"end":{"line":9,"column":71}},"4":{"start":{"line":10,"column":4},"end":{"line":10,"column":74}},"5":{"start":{"line":11,"column":4},"end":{"line":11,"column":69}},"6":{"start":{"line":12,"column":4},"end":{"line":12,"column":62}},"7":{"start":{"line":13,"column":4},"end":{"line":13,"column":45}},"8":{"start":{"line":14,"column":4},"end":{"line":14,"column":41}},"9":{"start":{"line":15,"column":4},"end":{"line":15,"column":51}},"10":{"start":{"line":16,"column":4},"end":{"line":16,"column":24}},"11":{"start":{"line":17,"column":4},"end":{"line":17,"column":28}},"12":{"start":{"line":18,"column":4},"end":{"line":18,"column":70}},"13":{"start":{"line":22,"column":4},"end":{"line":22,"column":26}},"14":{"start":{"line":23,"column":4},"end":{"line":23,"column":79}},"15":{"start":{"line":24,"column":4},"end":{"line":24,"column":87}},"16":{"start":{"line":25,"column":4},"end":{"line":25,"column":75}},"17":{"start":{"line":25,"column":55},"end":{"line":25,"column":73}},"18":{"start":{"line":26,"column":4},"end":{"line":26,"column":97}},"19":{"start":{"line":27,"column":4},"end":{"line":31,"column":7}},"20":{"start":{"line":28,"column":29},"end":{"line":28,"column":31}},"21":{"start":{"line":29,"column":6},"end":{"line":29,"column":119}},"22":{"start":{"line":29,"column":73},"end":{"line":29,"column":117}},"23":{"start":{"line":30,"column":6},"end":{"line":30,"column":71}},"24":{"start":{"line":35,"column":15},"end":{"line":35,"column":17}},"25":{"start":{"line":36,"column":4},"end":{"line":36,"column":23}},"26":{"start":{"line":37,"column":4},"end":{"line":37,"column":17}},"27":{"start":{"line":38,"column":4},"end":{"line":43,"column":7}},"28":{"start":{"line":39,"column":16},"end":{"line":39,"column":18}},"29":{"start":{"line":40,"column":6},"end":{"line":40,"column":22}},"30":{"start":{"line":41,"column":6},"end":{"line":41,"column":24}},"31":{"start":{"line":42,"column":6},"end":{"line":42,"column":15}},"32":{"start":{"line":44,"column":4},"end":{"line":44,"column":16}},"33":{"start":{"line":48,"column":17},"end":{"line":48,"column":44}},"34":{"start":{"line":49,"column":4},"end":{"line":49,"column":22}},"35":{"start":{"line":51,"column":19},"end":{"line":51,"column":61}},"36":{"start":{"line":52,"column":4},"end":{"line":52,"column":50}},"37":{"start":{"line":52,"column":16},"end":{"line":52,"column":50}},"38":{"start":{"line":54,"column":4},"end":{"line":54,"column":37}},"39":{"start":{"line":55,"column":4},"end":{"line":55,"column":45}},"40":{"start":{"line":59,"column":4},"end":{"line":61,"column":5}},"41":{"start":{"line":60,"column":6},"end":{"line":60,"column":25}},"42":{"start":{"line":62,"column":4},"end":{"line":64,"column":7}},"43":{"start":{"line":63,"column":6},"end":{"line":63,"column":24}},"44":{"start":{"line":65,"column":4},"end":{"line":65,"column":39}},"45":{"start":{"line":69,"column":4},"end":{"line":69,"column":22}},"46":{"start":{"line":70,"column":4},"end":{"line":70,"column":56}},"47":{"start":{"line":71,"column":4},"end":{"line":71,"column":28}},"48":{"start":{"line":75,"column":21},"end":{"line":75,"column":71}},"49":{"start":{"line":76,"column":4},"end":{"line":76,"column":27}},"50":{"start":{"line":77,"column":4},"end":{"line":77,"column":63}},"51":{"start":{"line":78,"column":4},"end":{"line":78,"column":51}},"52":{"start":{"line":82,"column":15},"end":{"line":82,"column":30}},"53":{"start":{"line":83,"column":17},"end":{"line":83,"column":50}},"54":{"start":{"line":84,"column":4},"end":{"line":84,"column":28}},"55":{"start":{"line":85,"column":4},"end":{"line":85,"column":31}},"56":{"start":{"line":86,"column":4},"end":{"line":86,"column":34}},"57":{"start":{"line":90,"column":4},"end":{"line":90,"column":23}},"58":{"start":{"line":91,"column":4},"end":{"line":91,"column":44}},"59":{"start":{"line":92,"column":4},"end":{"line":92,"column":36}},"60":{"start":{"line":93,"column":4},"end":{"line":93,"column":29}},"61":{"start":{"line":97,"column":17},"end":{"line":97,"column":59}},"62":{"start":{"line":98,"column":15},"end":{"line":98,"column":30}},"63":{"start":{"line":99,"column":4},"end":{"line":99,"column":28}},"64":{"start":{"line":100,"column":4},"end":{"line":100,"column":31}},"65":{"start":{"line":101,"column":4},"end":{"line":101,"column":34}},"66":{"start":{"line":105,"column":4},"end":{"line":105,"column":32}},"67":{"start":{"line":106,"column":4},"end":{"line":108,"column":13}},"68":{"start":{"line":107,"column":6},"end":{"line":107,"column":83}},"69":{"start":{"line":107,"column":30},"end":{"line":107,"column":83}},"70":{"start":{"line":112,"column":21},"end":{"line":112,"column":40}},"71":{"start":{"line":113,"column":4},"end":{"line":113,"column":34}},"72":{"start":{"line":114,"column":19},"end":{"line":114,"column":23}},"73":{"start":{"line":115,"column":4},"end":{"line":115,"column":42}},"74":{"start":{"line":119,"column":18},"end":{"line":119,"column":80}},"75":{"start":{"line":120,"column":25},"end":{"line":120,"column":76}},"76":{"start":{"line":121,"column":4},"end":{"line":121,"column":71}},"77":{"start":{"line":121,"column":21},"end":{"line":121,"column":71}},"78":{"start":{"line":122,"column":21},"end":{"line":122,"column":71}},"79":{"start":{"line":123,"column":22},"end":{"line":123,"column":45}},"80":{"start":{"line":124,"column":4},"end":{"line":124,"column":34}},"81":{"start":{"line":125,"column":4},"end":{"line":125,"column":63}},"82":{"start":{"line":126,"column":4},"end":{"line":128,"column":5}},"83":{"start":{"line":127,"column":6},"end":{"line":127,"column":82}}},"fnMap":{"0":{"name":"(anonymous_0)","decl":{"start":{"line":5,"column":2},"end":{"line":5,"column":3}},"loc":{"start":{"line":5,"column":22},"end":{"line":19,"column":3}},"line":5},"1":{"name":"(anonymous_1)","decl":{"start":{"line":21,"column":2},"end":{"line":21,"column":3}},"loc":{"start":{"line":21,"column":11},"end":{"line":32,"column":3}},"line":21},"2":{"name":"(anonymous_2)","decl":{"start":{"line":25,"column":48},"end":{"line":25,"column":49}},"loc":{"start":{"line":25,"column":55},"end":{"line":25,"column":73}},"line":25},"3":{"name":"(anonymous_3)","decl":{"start":{"line":27,"column":51},"end":{"line":27,"column":52}},"loc":{"start":{"line":27,"column":57},"end":{"line":31,"column":5}},"line":27},"4":{"name":"(anonymous_4)","decl":{"start":{"line":29,"column":65},"end":{"line":29,"column":66}},"loc":{"start":{"line":29,"column":73},"end":{"line":29,"column":117}},"line":29},"5":{"name":"(anonymous_5)","decl":{"start":{"line":34,"column":2},"end":{"line":34,"column":3}},"loc":{"start":{"line":34,"column":26},"end":{"line":45,"column":3}},"line":34},"6":{"name":"(anonymous_6)","decl":{"start":{"line":38,"column":20},"end":{"line":38,"column":21}},"loc":{"start":{"line":38,"column":26},"end":{"line":43,"column":5}},"line":38},"7":{"name":"(anonymous_7)","decl":{"start":{"line":47,"column":2},"end":{"line":47,"column":3}},"loc":{"start":{"line":47,"column":16},"end":{"line":56,"column":3}},"line":47},"8":{"name":"(anonymous_8)","decl":{"start":{"line":58,"column":2},"end":{"line":58,"column":3}},"loc":{"start":{"line":58,"column":19},"end":{"line":66,"column":3}},"line":58},"9":{"name":"(anonymous_9)","decl":{"start":{"line":62,"column":26},"end":{"line":62,"column":27}},"loc":{"start":{"line":62,"column":34},"end":{"line":64,"column":5}},"line":62},"10":{"name":"(anonymous_10)","decl":{"start":{"line":68,"column":2},"end":{"line":68,"column":3}},"loc":{"start":{"line":68,"column":13},"end":{"line":72,"column":3}},"line":68},"11":{"name":"(anonymous_11)","decl":{"start":{"line":74,"column":2},"end":{"line":74,"column":3}},"loc":{"start":{"line":74,"column":24},"end":{"line":79,"column":3}},"line":74},"12":{"name":"(anonymous_12)","decl":{"start":{"line":81,"column":2},"end":{"line":81,"column":3}},"loc":{"start":{"line":81,"column":16},"end":{"line":87,"column":3}},"line":81},"13":{"name":"(anonymous_13)","decl":{"start":{"line":89,"column":2},"end":{"line":89,"column":3}},"loc":{"start":{"line":89,"column":27},"end":{"line":94,"column":3}},"line":89},"14":{"name":"(anonymous_14)","decl":{"start":{"line":96,"column":2},"end":{"line":96,"column":3}},"loc":{"start":{"line":96,"column":29},"end":{"line":102,"column":3}},"line":96},"15":{"name":"(anonymous_15)","decl":{"start":{"line":104,"column":2},"end":{"line":104,"column":3}},"loc":{"start":{"line":104,"column":16},"end":{"line":109,"column":3}},"line":104},"16":{"name":"(anonymous_16)","decl":{"start":{"line":106,"column":31},"end":{"line":106,"column":32}},"loc":{"start":{"line":106,"column":37},"end":{"line":108,"column":5}},"line":106},"17":{"name":"(anonymous_17)","decl":{"start":{"line":111,"column":2},"end":{"line":111,"column":3}},"loc":{"start":{"line":111,"column":21},"end":{"line":116,"column":3}},"line":111},"18":{"name":"(anonymous_18)","decl":{"start":{"line":118,"column":2},"end":{"line":118,"column":3}},"loc":{"start":{"line":118,"column":13},"end":{"line":129,"column":3}},"line":118}},"branchMap":{"0":{"loc":{"start":{"line":9,"column":20},"end":{"line":9,"column":70}},"type":"binary-expr","locations":[{"start":{"line":9,"column":20},"end":{"line":9,"column":64}},{"start":{"line":9,"column":68},"end":{"line":9,"column":70}}],"line":9},"1":{"loc":{"start":{"line":10,"column":19},"end":{"line":10,"column":73}},"type":"binary-expr","locations":[{"start":{"line":10,"column":19},"end":{"line":10,"column":68}},{"start":{"line":10,"column":72},"end":{"line":10,"column":73}}],"line":10},"2":{"loc":{"start":{"line":11,"column":16},"end":{"line":11,"column":68}},"type":"binary-expr","locations":[{"start":{"line":11,"column":16},"end":{"line":11,"column":62}},{"start":{"line":11,"column":66},"end":{"line":11,"column":68}}],"line":11},"3":{"loc":{"start":{"line":52,"column":4},"end":{"line":52,"column":50}},"type":"if","locations":[{"start":{"line":52,"column":4},"end":{"line":52,"column":50}},{"start":{"line":52,"column":4},"end":{"line":52,"column":50}}],"line":52},"4":{"loc":{"start":{"line":59,"column":4},"end":{"line":61,"column":5}},"type":"if","locations":[{"start":{"line":59,"column":4},"end":{"line":61,"column":5}},{"start":{"line":59,"column":4},"end":{"line":61,"column":5}}],"line":59},"5":{"loc":{"start":{"line":75,"column":21},"end":{"line":75,"column":71}},"type":"binary-expr","locations":[{"start":{"line":75,"column":21},"end":{"line":75,"column":65}},{"start":{"line":75,"column":69},"end":{"line":75,"column":71}}],"line":75},"6":{"loc":{"start":{"line":107,"column":6},"end":{"line":107,"column":83}},"type":"if","locations":[{"start":{"line":107,"column":6},"end":{"line":107,"column":83}},{"start":{"line":107,"column":6},"end":{"line":107,"column":83}}],"line":107},"7":{"loc":{"start":{"line":119,"column":18},"end":{"line":119,"column":80}},"type":"cond-expr","locations":[{"start":{"line":119,"column":35},"end":{"line":119,"column":42}},{"start":{"line":119,"column":45},"end":{"line":119,"column":80}}],"line":119},"8":{"loc":{"start":{"line":119,"column":18},"end":{"line":119,"column":32}},"type":"binary-expr","locations":[{"start":{"line":119,"column":18},"end":{"line":119,"column":20}},{"start":{"line":119,"column":24},"end":{"line":119,"column":32}}],"line":119},"9":{"loc":{"start":{"line":121,"column":4},"end":{"line":121,"column":71}},"type":"if","locations":[{"start":{"line":121,"column":4},"end":{"line":121,"column":71}},{"start":{"line":121,"column":4},"end":{"line":121,"column":71}}],"line":121},"10":{"loc":{"start":{"line":122,"column":21},"end":{"line":122,"column":71}},"type":"binary-expr","locations":[{"start":{"line":122,"column":21},"end":{"line":122,"column":65}},{"start":{"line":122,"column":69},"end":{"line":122,"column":71}}],"line":122},"11":{"loc":{"start":{"line":126,"column":4},"end":{"line":128,"column":5}},"type":"if","locations":[{"start":{"line":126,"column":4},"end":{"line":128,"column":5}},{"start":{"line":126,"column":4},"end":{"line":128,"column":5}}],"line":126},"12":{"loc":{"start":{"line":127,"column":41},"end":{"line":127,"column":79}},"type":"cond-expr","locations":[{"start":{"line":127,"column":62},"end":{"line":127,"column":75}},{"start":{"line":127,"column":78},"end":{"line":127,"column":79}}],"line":127}},"s":{"0":1,"1":1,"2":1,"3":1,"4":1,"5":1,"6":1,"7":1,"8":1,"9":1,"10":1,"11":1,"12":1,"13":0,"14":0,"15":0,"16":0,"17":0,"18":0,"19":0,"20":0,"21":0,"22":0,"23":0,"24":5,"25":5,"26":5,"27":5,"28":15,"29":15,"30":15,"31":15,"32":5,"33":2,"34":2,"35":2,"36":2,"37":0,"38":2,"39":2,"40":0,"41":0,"42":0,"43":0,"44":0,"45":100,"46":100,"47":100,"48":0,"49":0,"50":0,"51":0,"52":0,"53":0,"54":0,"55":0,"56":0,"57":0,"58":0,"59":0,"60":0,"61":0,"62":0,"63":0,"64":0,"65":0,"66":0,"67":0,"68":0,"69":0,"70":0,"71":0,"72":0,"73":0,"74":5,"75":5,"76":5,"77":0,"78":5,"79":5,"80":5,"81":5,"82":5,"83":0},"f":{"0":1,"1":0,"2":0,"3":0,"4":0,"5":5,"6":15,"7":2,"8":0,"9":0,"10":100,"11":0,"12":0,"13":0,"14":0,"15":0,"16":0,"17":0,"18":5},"b":{"0":[1,1],"1":[1,1],"2":[1,1],"3":[0,2],"4":[0,0],"5":[0,0],"6":[0,0],"7":[5,0],"8":[5,0],"9":[0,5],"10":[5,1],"11":[0,5],"12":[0,0]},"_coverageSchema":"43e27e138ebf9cfc5966b082cf9a028302ed4184","hash":"9e76ff77f3ffa8ba399868ddb77ff1ad415ad418"}
,"/Users/kseniakuncevic/education/RolingScope/kseniakuntsevich-RS2019Q3/piskel-clone/src/components/palette/Palette.js": {"path":"/Users/kseniakuncevic/education/RolingScope/kseniakuntsevich-RS2019Q3/piskel-clone/src/components/palette/Palette.js","statementMap":{"0":{"start":{"line":3,"column":4},"end":{"line":3,"column":25}},"1":{"start":{"line":4,"column":4},"end":{"line":4,"column":29}},"2":{"start":{"line":5,"column":4},"end":{"line":5,"column":66}},"3":{"start":{"line":6,"column":4},"end":{"line":6,"column":29}},"4":{"start":{"line":7,"column":4},"end":{"line":7,"column":32}},"5":{"start":{"line":8,"column":4},"end":{"line":8,"column":37}},"6":{"start":{"line":9,"column":4},"end":{"line":9,"column":21}},"7":{"start":{"line":13,"column":4},"end":{"line":13,"column":74}},"8":{"start":{"line":13,"column":41},"end":{"line":13,"column":74}},"9":{"start":{"line":20,"column":4},"end":{"line":26,"column":5}},"10":{"start":{"line":21,"column":6},"end":{"line":21,"column":18}},"11":{"start":{"line":22,"column":6},"end":{"line":22,"column":18}},"12":{"start":{"line":24,"column":6},"end":{"line":24,"column":85}},"13":{"start":{"line":25,"column":6},"end":{"line":25,"column":83}},"14":{"start":{"line":27,"column":4},"end":{"line":27,"column":39}},"15":{"start":{"line":28,"column":4},"end":{"line":28,"column":38}},"16":{"start":{"line":29,"column":4},"end":{"line":29,"column":20}},"17":{"start":{"line":33,"column":19},"end":{"line":33,"column":44}},"18":{"start":{"line":34,"column":23},"end":{"line":34,"column":27}},"19":{"start":{"line":35,"column":18},"end":{"line":35,"column":24}},"20":{"start":{"line":36,"column":18},"end":{"line":36,"column":24}},"21":{"start":{"line":37,"column":17},"end":{"line":37,"column":48}},"22":{"start":{"line":38,"column":19},"end":{"line":38,"column":46}},"23":{"start":{"line":39,"column":18},"end":{"line":39,"column":44}},"24":{"start":{"line":40,"column":16},"end":{"line":40,"column":38}},"25":{"start":{"line":41,"column":17},"end":{"line":41,"column":38}},"26":{"start":{"line":42,"column":4},"end":{"line":44,"column":6}},"27":{"start":{"line":48,"column":23},"end":{"line":48,"column":27}},"28":{"start":{"line":49,"column":4},"end":{"line":51,"column":5}},"29":{"start":{"line":50,"column":6},"end":{"line":50,"column":51}},"30":{"start":{"line":52,"column":20},"end":{"line":52,"column":49}},"31":{"start":{"line":53,"column":19},"end":{"line":53,"column":43}},"32":{"start":{"line":54,"column":4},"end":{"line":54,"column":37}},"33":{"start":{"line":54,"column":30},"end":{"line":54,"column":37}},"34":{"start":{"line":55,"column":28},"end":{"line":55,"column":61}},"35":{"start":{"line":56,"column":4},"end":{"line":56,"column":76}},"36":{"start":{"line":56,"column":69},"end":{"line":56,"column":76}},"37":{"start":{"line":58,"column":22},"end":{"line":58,"column":29}},"38":{"start":{"line":59,"column":23},"end":{"line":59,"column":30}},"39":{"start":{"line":61,"column":4},"end":{"line":69,"column":7}},"40":{"start":{"line":62,"column":6},"end":{"line":68,"column":9}},"41":{"start":{"line":63,"column":8},"end":{"line":67,"column":9}},"42":{"start":{"line":64,"column":10},"end":{"line":66,"column":13}},"43":{"start":{"line":70,"column":4},"end":{"line":70,"column":30}},"44":{"start":{"line":71,"column":4},"end":{"line":71,"column":28}},"45":{"start":{"line":75,"column":23},"end":{"line":75,"column":27}},"46":{"start":{"line":76,"column":19},"end":{"line":76,"column":43}},"47":{"start":{"line":77,"column":19},"end":{"line":77,"column":21}},"48":{"start":{"line":78,"column":17},"end":{"line":78,"column":37}},"49":{"start":{"line":79,"column":4},"end":{"line":85,"column":5}},"50":{"start":{"line":79,"column":17},"end":{"line":79,"column":18}},"51":{"start":{"line":80,"column":21},"end":{"line":80,"column":23}},"52":{"start":{"line":81,"column":6},"end":{"line":83,"column":7}},"53":{"start":{"line":81,"column":19},"end":{"line":81,"column":20}},"54":{"start":{"line":82,"column":8},"end":{"line":82,"column":58}},"55":{"start":{"line":84,"column":6},"end":{"line":84,"column":26}},"56":{"start":{"line":86,"column":4},"end":{"line":86,"column":57}},"57":{"start":{"line":87,"column":4},"end":{"line":87,"column":25}},"58":{"start":{"line":88,"column":4},"end":{"line":88,"column":24}},"59":{"start":{"line":92,"column":23},"end":{"line":92,"column":27}},"60":{"start":{"line":93,"column":4},"end":{"line":95,"column":5}},"61":{"start":{"line":94,"column":6},"end":{"line":94,"column":51}},"62":{"start":{"line":96,"column":20},"end":{"line":96,"column":49}},"63":{"start":{"line":97,"column":19},"end":{"line":97,"column":43}},"64":{"start":{"line":98,"column":4},"end":{"line":98,"column":37}},"65":{"start":{"line":98,"column":30},"end":{"line":98,"column":37}},"66":{"start":{"line":99,"column":4},"end":{"line":99,"column":61}},"67":{"start":{"line":100,"column":4},"end":{"line":100,"column":86}},"68":{"start":{"line":100,"column":79},"end":{"line":100,"column":86}},"69":{"start":{"line":101,"column":4},"end":{"line":102,"column":40}},"70":{"start":{"line":102,"column":18},"end":{"line":102,"column":38}},"71":{"start":{"line":103,"column":4},"end":{"line":103,"column":28}},"72":{"start":{"line":107,"column":19},"end":{"line":107,"column":48}},"73":{"start":{"line":108,"column":27},"end":{"line":114,"column":5}},"74":{"start":{"line":115,"column":21},"end":{"line":115,"column":23}},"75":{"start":{"line":116,"column":4},"end":{"line":129,"column":7}},"76":{"start":{"line":117,"column":18},"end":{"line":117,"column":25}},"77":{"start":{"line":118,"column":19},"end":{"line":118,"column":26}},"78":{"start":{"line":119,"column":6},"end":{"line":119,"column":96}},"79":{"start":{"line":119,"column":89},"end":{"line":119,"column":96}},"80":{"start":{"line":120,"column":22},"end":{"line":120,"column":39}},"81":{"start":{"line":122,"column":6},"end":{"line":128,"column":7}},"82":{"start":{"line":123,"column":8},"end":{"line":125,"column":11}},"83":{"start":{"line":126,"column":24},"end":{"line":126,"column":92}},"84":{"start":{"line":126,"column":53},"end":{"line":126,"column":91}},"85":{"start":{"line":127,"column":8},"end":{"line":127,"column":31}},"86":{"start":{"line":130,"column":4},"end":{"line":130,"column":33}},"87":{"start":{"line":134,"column":23},"end":{"line":134,"column":27}},"88":{"start":{"line":135,"column":19},"end":{"line":135,"column":43}},"89":{"start":{"line":136,"column":4},"end":{"line":136,"column":82}},"90":{"start":{"line":136,"column":29},"end":{"line":136,"column":82}},"91":{"start":{"line":137,"column":14},"end":{"line":137,"column":42}},"92":{"start":{"line":138,"column":14},"end":{"line":138,"column":42}},"93":{"start":{"line":139,"column":4},"end":{"line":139,"column":69}},"94":{"start":{"line":143,"column":15},"end":{"line":143,"column":32}},"95":{"start":{"line":144,"column":15},"end":{"line":144,"column":32}},"96":{"start":{"line":145,"column":15},"end":{"line":145,"column":33}},"97":{"start":{"line":146,"column":15},"end":{"line":146,"column":33}},"98":{"start":{"line":148,"column":14},"end":{"line":148,"column":21}},"99":{"start":{"line":149,"column":12},"end":{"line":149,"column":14}},"100":{"start":{"line":150,"column":12},"end":{"line":150,"column":14}},"101":{"start":{"line":151,"column":14},"end":{"line":151,"column":18}},"102":{"start":{"line":152,"column":4},"end":{"line":161,"column":5}},"103":{"start":{"line":153,"column":6},"end":{"line":155,"column":9}},"104":{"start":{"line":157,"column":6},"end":{"line":157,"column":38}},"105":{"start":{"line":157,"column":32},"end":{"line":157,"column":38}},"106":{"start":{"line":158,"column":17},"end":{"line":158,"column":24}},"107":{"start":{"line":159,"column":6},"end":{"line":159,"column":43}},"108":{"start":{"line":159,"column":22},"end":{"line":159,"column":32}},"109":{"start":{"line":159,"column":33},"end":{"line":159,"column":41}},"110":{"start":{"line":160,"column":6},"end":{"line":160,"column":42}},"111":{"start":{"line":160,"column":21},"end":{"line":160,"column":31}},"112":{"start":{"line":160,"column":32},"end":{"line":160,"column":40}},"113":{"start":{"line":165,"column":19},"end":{"line":165,"column":33}},"114":{"start":{"line":166,"column":4},"end":{"line":166,"column":20}},"115":{"start":{"line":167,"column":4},"end":{"line":167,"column":70}},"116":{"start":{"line":167,"column":35},"end":{"line":167,"column":70}},"117":{"start":{"line":168,"column":4},"end":{"line":168,"column":38}},"118":{"start":{"line":169,"column":17},"end":{"line":169,"column":49}},"119":{"start":{"line":171,"column":4},"end":{"line":175,"column":5}},"120":{"start":{"line":171,"column":17},"end":{"line":171,"column":18}},"121":{"start":{"line":172,"column":6},"end":{"line":172,"column":23}},"122":{"start":{"line":173,"column":6},"end":{"line":173,"column":73}},"123":{"start":{"line":173,"column":37},"end":{"line":173,"column":73}},"124":{"start":{"line":174,"column":6},"end":{"line":174,"column":40}},"125":{"start":{"line":177,"column":4},"end":{"line":181,"column":5}},"126":{"start":{"line":177,"column":17},"end":{"line":177,"column":18}},"127":{"start":{"line":178,"column":6},"end":{"line":178,"column":22}},"128":{"start":{"line":179,"column":6},"end":{"line":179,"column":72}},"129":{"start":{"line":179,"column":37},"end":{"line":179,"column":72}},"130":{"start":{"line":180,"column":6},"end":{"line":180,"column":40}},"131":{"start":{"line":183,"column":4},"end":{"line":183,"column":68}},"132":{"start":{"line":183,"column":35},"end":{"line":183,"column":68}},"133":{"start":{"line":187,"column":23},"end":{"line":187,"column":27}},"134":{"start":{"line":188,"column":4},"end":{"line":188,"column":56}},"135":{"start":{"line":188,"column":49},"end":{"line":188,"column":56}},"136":{"start":{"line":189,"column":4},"end":{"line":191,"column":5}},"137":{"start":{"line":190,"column":6},"end":{"line":190,"column":51}},"138":{"start":{"line":192,"column":24},"end":{"line":192,"column":28}},"139":{"start":{"line":193,"column":20},"end":{"line":193,"column":49}},"140":{"start":{"line":194,"column":4},"end":{"line":194,"column":39}},"141":{"start":{"line":195,"column":4},"end":{"line":197,"column":5}},"142":{"start":{"line":195,"column":17},"end":{"line":195,"column":18}},"143":{"start":{"line":196,"column":6},"end":{"line":196,"column":37}},"144":{"start":{"line":198,"column":4},"end":{"line":198,"column":40}},"145":{"start":{"line":199,"column":4},"end":{"line":199,"column":25}},"146":{"start":{"line":200,"column":4},"end":{"line":200,"column":28}},"147":{"start":{"line":204,"column":23},"end":{"line":204,"column":27}},"148":{"start":{"line":205,"column":4},"end":{"line":207,"column":5}},"149":{"start":{"line":206,"column":6},"end":{"line":206,"column":51}},"150":{"start":{"line":208,"column":20},"end":{"line":208,"column":49}},"151":{"start":{"line":209,"column":4},"end":{"line":209,"column":39}},"152":{"start":{"line":210,"column":4},"end":{"line":210,"column":40}},"153":{"start":{"line":211,"column":4},"end":{"line":211,"column":25}},"154":{"start":{"line":212,"column":4},"end":{"line":212,"column":28}},"155":{"start":{"line":216,"column":4},"end":{"line":216,"column":27}},"156":{"start":{"line":217,"column":4},"end":{"line":221,"column":5}},"157":{"start":{"line":218,"column":17},"end":{"line":218,"column":42}},"158":{"start":{"line":219,"column":17},"end":{"line":219,"column":24}},"159":{"start":{"line":220,"column":6},"end":{"line":220,"column":75}},"160":{"start":{"line":225,"column":4},"end":{"line":225,"column":28}},"161":{"start":{"line":226,"column":4},"end":{"line":226,"column":37}},"162":{"start":{"line":230,"column":4},"end":{"line":230,"column":29}},"163":{"start":{"line":231,"column":4},"end":{"line":231,"column":37}}},"fnMap":{"0":{"name":"(anonymous_0)","decl":{"start":{"line":2,"column":2},"end":{"line":2,"column":3}},"loc":{"start":{"line":2,"column":22},"end":{"line":10,"column":3}},"line":2},"1":{"name":"(anonymous_1)","decl":{"start":{"line":12,"column":2},"end":{"line":12,"column":3}},"loc":{"start":{"line":12,"column":29},"end":{"line":14,"column":3}},"line":12},"2":{"name":"(anonymous_2)","decl":{"start":{"line":16,"column":2},"end":{"line":16,"column":3}},"loc":{"start":{"line":16,"column":23},"end":{"line":30,"column":3}},"line":16},"3":{"name":"(anonymous_3)","decl":{"start":{"line":32,"column":2},"end":{"line":32,"column":3}},"loc":{"start":{"line":32,"column":27},"end":{"line":45,"column":3}},"line":32},"4":{"name":"(anonymous_4)","decl":{"start":{"line":47,"column":2},"end":{"line":47,"column":3}},"loc":{"start":{"line":47,"column":14},"end":{"line":72,"column":3}},"line":47},"5":{"name":"(anonymous_5)","decl":{"start":{"line":61,"column":19},"end":{"line":61,"column":20}},"loc":{"start":{"line":61,"column":31},"end":{"line":69,"column":5}},"line":61},"6":{"name":"(anonymous_6)","decl":{"start":{"line":62,"column":18},"end":{"line":62,"column":19}},"loc":{"start":{"line":62,"column":31},"end":{"line":68,"column":7}},"line":62},"7":{"name":"(anonymous_7)","decl":{"start":{"line":74,"column":2},"end":{"line":74,"column":3}},"loc":{"start":{"line":74,"column":15},"end":{"line":89,"column":3}},"line":74},"8":{"name":"(anonymous_8)","decl":{"start":{"line":91,"column":2},"end":{"line":91,"column":3}},"loc":{"start":{"line":91,"column":16},"end":{"line":104,"column":3}},"line":91},"9":{"name":"(anonymous_9)","decl":{"start":{"line":102,"column":12},"end":{"line":102,"column":13}},"loc":{"start":{"line":102,"column":18},"end":{"line":102,"column":38}},"line":102},"10":{"name":"(anonymous_10)","decl":{"start":{"line":106,"column":2},"end":{"line":106,"column":3}},"loc":{"start":{"line":106,"column":44},"end":{"line":131,"column":3}},"line":106},"11":{"name":"(anonymous_11)","decl":{"start":{"line":116,"column":27},"end":{"line":116,"column":28}},"loc":{"start":{"line":116,"column":37},"end":{"line":129,"column":5}},"line":116},"12":{"name":"(anonymous_12)","decl":{"start":{"line":126,"column":47},"end":{"line":126,"column":48}},"loc":{"start":{"line":126,"column":53},"end":{"line":126,"column":91}},"line":126},"13":{"name":"(anonymous_13)","decl":{"start":{"line":133,"column":2},"end":{"line":133,"column":3}},"loc":{"start":{"line":133,"column":20},"end":{"line":140,"column":3}},"line":133},"14":{"name":"(anonymous_14)","decl":{"start":{"line":142,"column":2},"end":{"line":142,"column":3}},"loc":{"start":{"line":142,"column":42},"end":{"line":162,"column":3}},"line":142},"15":{"name":"(anonymous_15)","decl":{"start":{"line":164,"column":2},"end":{"line":164,"column":3}},"loc":{"start":{"line":164,"column":28},"end":{"line":184,"column":3}},"line":164},"16":{"name":"(anonymous_16)","decl":{"start":{"line":186,"column":2},"end":{"line":186,"column":3}},"loc":{"start":{"line":186,"column":13},"end":{"line":201,"column":3}},"line":186},"17":{"name":"(anonymous_17)","decl":{"start":{"line":203,"column":2},"end":{"line":203,"column":3}},"loc":{"start":{"line":203,"column":16},"end":{"line":213,"column":3}},"line":203},"18":{"name":"(anonymous_18)","decl":{"start":{"line":215,"column":2},"end":{"line":215,"column":3}},"loc":{"start":{"line":215,"column":32},"end":{"line":222,"column":3}},"line":215},"19":{"name":"(anonymous_19)","decl":{"start":{"line":224,"column":2},"end":{"line":224,"column":3}},"loc":{"start":{"line":224,"column":12},"end":{"line":227,"column":3}},"line":224},"20":{"name":"(anonymous_20)","decl":{"start":{"line":229,"column":2},"end":{"line":229,"column":3}},"loc":{"start":{"line":229,"column":13},"end":{"line":232,"column":3}},"line":229}},"branchMap":{"0":{"loc":{"start":{"line":5,"column":23},"end":{"line":5,"column":65}},"type":"binary-expr","locations":[{"start":{"line":5,"column":23},"end":{"line":5,"column":52}},{"start":{"line":5,"column":56},"end":{"line":5,"column":65}}],"line":5},"1":{"loc":{"start":{"line":13,"column":4},"end":{"line":13,"column":74}},"type":"if","locations":[{"start":{"line":13,"column":4},"end":{"line":13,"column":74}},{"start":{"line":13,"column":4},"end":{"line":13,"column":74}}],"line":13},"2":{"loc":{"start":{"line":20,"column":4},"end":{"line":26,"column":5}},"type":"if","locations":[{"start":{"line":20,"column":4},"end":{"line":26,"column":5}},{"start":{"line":20,"column":4},"end":{"line":26,"column":5}}],"line":20},"3":{"loc":{"start":{"line":20,"column":8},"end":{"line":20,"column":26}},"type":"binary-expr","locations":[{"start":{"line":20,"column":8},"end":{"line":20,"column":15}},{"start":{"line":20,"column":19},"end":{"line":20,"column":26}}],"line":20},"4":{"loc":{"start":{"line":49,"column":4},"end":{"line":51,"column":5}},"type":"if","locations":[{"start":{"line":49,"column":4},"end":{"line":51,"column":5}},{"start":{"line":49,"column":4},"end":{"line":51,"column":5}}],"line":49},"5":{"loc":{"start":{"line":54,"column":4},"end":{"line":54,"column":37}},"type":"if","locations":[{"start":{"line":54,"column":4},"end":{"line":54,"column":37}},{"start":{"line":54,"column":4},"end":{"line":54,"column":37}}],"line":54},"6":{"loc":{"start":{"line":56,"column":4},"end":{"line":56,"column":76}},"type":"if","locations":[{"start":{"line":56,"column":4},"end":{"line":56,"column":76}},{"start":{"line":56,"column":4},"end":{"line":56,"column":76}}],"line":56},"7":{"loc":{"start":{"line":56,"column":8},"end":{"line":56,"column":67}},"type":"binary-expr","locations":[{"start":{"line":56,"column":8},"end":{"line":56,"column":44}},{"start":{"line":56,"column":48},"end":{"line":56,"column":67}}],"line":56},"8":{"loc":{"start":{"line":63,"column":8},"end":{"line":67,"column":9}},"type":"if","locations":[{"start":{"line":63,"column":8},"end":{"line":67,"column":9}},{"start":{"line":63,"column":8},"end":{"line":67,"column":9}}],"line":63},"9":{"loc":{"start":{"line":93,"column":4},"end":{"line":95,"column":5}},"type":"if","locations":[{"start":{"line":93,"column":4},"end":{"line":95,"column":5}},{"start":{"line":93,"column":4},"end":{"line":95,"column":5}}],"line":93},"10":{"loc":{"start":{"line":98,"column":4},"end":{"line":98,"column":37}},"type":"if","locations":[{"start":{"line":98,"column":4},"end":{"line":98,"column":37}},{"start":{"line":98,"column":4},"end":{"line":98,"column":37}}],"line":98},"11":{"loc":{"start":{"line":100,"column":4},"end":{"line":100,"column":86}},"type":"if","locations":[{"start":{"line":100,"column":4},"end":{"line":100,"column":86}},{"start":{"line":100,"column":4},"end":{"line":100,"column":86}}],"line":100},"12":{"loc":{"start":{"line":100,"column":8},"end":{"line":100,"column":77}},"type":"binary-expr","locations":[{"start":{"line":100,"column":8},"end":{"line":100,"column":49}},{"start":{"line":100,"column":53},"end":{"line":100,"column":77}}],"line":100},"13":{"loc":{"start":{"line":119,"column":6},"end":{"line":119,"column":96}},"type":"if","locations":[{"start":{"line":119,"column":6},"end":{"line":119,"column":96}},{"start":{"line":119,"column":6},"end":{"line":119,"column":96}}],"line":119},"14":{"loc":{"start":{"line":119,"column":10},"end":{"line":119,"column":87}},"type":"binary-expr","locations":[{"start":{"line":119,"column":10},"end":{"line":119,"column":17}},{"start":{"line":119,"column":21},"end":{"line":119,"column":29}},{"start":{"line":119,"column":33},"end":{"line":119,"column":56}},{"start":{"line":119,"column":60},"end":{"line":119,"column":87}}],"line":119},"15":{"loc":{"start":{"line":122,"column":6},"end":{"line":128,"column":7}},"type":"if","locations":[{"start":{"line":122,"column":6},"end":{"line":128,"column":7}},{"start":{"line":122,"column":6},"end":{"line":128,"column":7}}],"line":122},"16":{"loc":{"start":{"line":122,"column":10},"end":{"line":122,"column":74}},"type":"binary-expr","locations":[{"start":{"line":122,"column":10},"end":{"line":122,"column":42}},{"start":{"line":122,"column":46},"end":{"line":122,"column":74}}],"line":122},"17":{"loc":{"start":{"line":136,"column":4},"end":{"line":136,"column":82}},"type":"if","locations":[{"start":{"line":136,"column":4},"end":{"line":136,"column":82}},{"start":{"line":136,"column":4},"end":{"line":136,"column":82}}],"line":136},"18":{"loc":{"start":{"line":145,"column":15},"end":{"line":145,"column":33}},"type":"cond-expr","locations":[{"start":{"line":145,"column":27},"end":{"line":145,"column":28}},{"start":{"line":145,"column":31},"end":{"line":145,"column":33}}],"line":145},"19":{"loc":{"start":{"line":146,"column":15},"end":{"line":146,"column":33}},"type":"cond-expr","locations":[{"start":{"line":146,"column":27},"end":{"line":146,"column":28}},{"start":{"line":146,"column":31},"end":{"line":146,"column":33}}],"line":146},"20":{"loc":{"start":{"line":157,"column":6},"end":{"line":157,"column":38}},"type":"if","locations":[{"start":{"line":157,"column":6},"end":{"line":157,"column":38}},{"start":{"line":157,"column":6},"end":{"line":157,"column":38}}],"line":157},"21":{"loc":{"start":{"line":157,"column":10},"end":{"line":157,"column":30}},"type":"binary-expr","locations":[{"start":{"line":157,"column":10},"end":{"line":157,"column":18}},{"start":{"line":157,"column":22},"end":{"line":157,"column":30}}],"line":157},"22":{"loc":{"start":{"line":159,"column":6},"end":{"line":159,"column":43}},"type":"if","locations":[{"start":{"line":159,"column":6},"end":{"line":159,"column":43}},{"start":{"line":159,"column":6},"end":{"line":159,"column":43}}],"line":159},"23":{"loc":{"start":{"line":160,"column":6},"end":{"line":160,"column":42}},"type":"if","locations":[{"start":{"line":160,"column":6},"end":{"line":160,"column":42}},{"start":{"line":160,"column":6},"end":{"line":160,"column":42}}],"line":160},"24":{"loc":{"start":{"line":167,"column":4},"end":{"line":167,"column":70}},"type":"if","locations":[{"start":{"line":167,"column":4},"end":{"line":167,"column":70}},{"start":{"line":167,"column":4},"end":{"line":167,"column":70}}],"line":167},"25":{"loc":{"start":{"line":173,"column":6},"end":{"line":173,"column":73}},"type":"if","locations":[{"start":{"line":173,"column":6},"end":{"line":173,"column":73}},{"start":{"line":173,"column":6},"end":{"line":173,"column":73}}],"line":173},"26":{"loc":{"start":{"line":179,"column":6},"end":{"line":179,"column":72}},"type":"if","locations":[{"start":{"line":179,"column":6},"end":{"line":179,"column":72}},{"start":{"line":179,"column":6},"end":{"line":179,"column":72}}],"line":179},"27":{"loc":{"start":{"line":183,"column":4},"end":{"line":183,"column":68}},"type":"if","locations":[{"start":{"line":183,"column":4},"end":{"line":183,"column":68}},{"start":{"line":183,"column":4},"end":{"line":183,"column":68}}],"line":183},"28":{"loc":{"start":{"line":188,"column":4},"end":{"line":188,"column":56}},"type":"if","locations":[{"start":{"line":188,"column":4},"end":{"line":188,"column":56}},{"start":{"line":188,"column":4},"end":{"line":188,"column":56}}],"line":188},"29":{"loc":{"start":{"line":188,"column":8},"end":{"line":188,"column":47}},"type":"binary-expr","locations":[{"start":{"line":188,"column":8},"end":{"line":188,"column":25}},{"start":{"line":188,"column":29},"end":{"line":188,"column":47}}],"line":188},"30":{"loc":{"start":{"line":189,"column":4},"end":{"line":191,"column":5}},"type":"if","locations":[{"start":{"line":189,"column":4},"end":{"line":191,"column":5}},{"start":{"line":189,"column":4},"end":{"line":191,"column":5}}],"line":189},"31":{"loc":{"start":{"line":205,"column":4},"end":{"line":207,"column":5}},"type":"if","locations":[{"start":{"line":205,"column":4},"end":{"line":207,"column":5}},{"start":{"line":205,"column":4},"end":{"line":207,"column":5}}],"line":205},"32":{"loc":{"start":{"line":217,"column":4},"end":{"line":221,"column":5}},"type":"if","locations":[{"start":{"line":217,"column":4},"end":{"line":221,"column":5}},{"start":{"line":217,"column":4},"end":{"line":221,"column":5}}],"line":217}},"s":{"0":1,"1":1,"2":1,"3":1,"4":1,"5":1,"6":1,"7":1,"8":1,"9":7,"10":0,"11":0,"12":7,"13":7,"14":7,"15":7,"16":7,"17":4,"18":4,"19":4,"20":4,"21":4,"22":4,"23":4,"24":4,"25":4,"26":4,"27":1,"28":1,"29":1,"30":1,"31":1,"32":1,"33":0,"34":1,"35":1,"36":0,"37":1,"38":1,"39":1,"40":3,"41":9,"42":6,"43":1,"44":1,"45":1,"46":1,"47":1,"48":1,"49":1,"50":1,"51":4,"52":4,"53":4,"54":16,"55":4,"56":1,"57":1,"58":1,"59":1,"60":1,"61":1,"62":1,"63":1,"64":1,"65":0,"66":1,"67":1,"68":0,"69":1,"70":1,"71":1,"72":5,"73":5,"74":5,"75":5,"76":25,"77":25,"78":25,"79":7,"80":18,"81":18,"82":4,"83":4,"84":4,"85":4,"86":5,"87":16,"88":16,"89":16,"90":16,"91":16,"92":16,"93":16,"94":1,"95":1,"96":1,"97":1,"98":1,"99":1,"100":1,"101":1,"102":1,"103":5,"104":5,"105":1,"106":4,"107":4,"108":4,"109":4,"110":4,"111":4,"112":4,"113":0,"114":0,"115":0,"116":0,"117":0,"118":0,"119":0,"120":0,"121":0,"122":0,"123":0,"124":0,"125":0,"126":0,"127":0,"128":0,"129":0,"130":0,"131":0,"132":0,"133":0,"134":0,"135":0,"136":0,"137":0,"138":0,"139":0,"140":0,"141":0,"142":0,"143":0,"144":0,"145":0,"146":0,"147":0,"148":0,"149":0,"150":0,"151":0,"152":0,"153":0,"154":0,"155":0,"156":0,"157":0,"158":0,"159":0,"160":0,"161":0,"162":0,"163":0},"f":{"0":1,"1":1,"2":7,"3":4,"4":1,"5":3,"6":9,"7":1,"8":1,"9":1,"10":5,"11":25,"12":4,"13":16,"14":1,"15":0,"16":0,"17":0,"18":0,"19":0,"20":0},"b":{"0":[1,1],"1":[1,0],"2":[0,7],"3":[7,7],"4":[1,0],"5":[0,1],"6":[0,1],"7":[1,1],"8":[6,3],"9":[1,0],"10":[0,1],"11":[0,1],"12":[1,1],"13":[7,18],"14":[25,21,19,19],"15":[4,14],"16":[18,4],"17":[16,0],"18":[1,0],"19":[1,0],"20":[1,4],"21":[5,1],"22":[4,0],"23":[4,0],"24":[0,0],"25":[0,0],"26":[0,0],"27":[0,0],"28":[0,0],"29":[0,0],"30":[0,0],"31":[0,0],"32":[0,0]},"_coverageSchema":"43e27e138ebf9cfc5966b082cf9a028302ed4184","hash":"e6aa2e34068f37a995a5833742d5edbd5d33663c"}
,"/Users/kseniakuncevic/education/RolingScope/kseniakuntsevich-RS2019Q3/piskel-clone/src/components/palette/PaletteSwitcherController.js": {"path":"/Users/kseniakuncevic/education/RolingScope/kseniakuntsevich-RS2019Q3/piskel-clone/src/components/palette/PaletteSwitcherController.js","statementMap":{"0":{"start":{"line":3,"column":4},"end":{"line":3,"column":60}},"1":{"start":{"line":4,"column":4},"end":{"line":4,"column":41}},"2":{"start":{"line":5,"column":4},"end":{"line":36,"column":6}},"3":{"start":{"line":40,"column":23},"end":{"line":40,"column":60}},"4":{"start":{"line":41,"column":4},"end":{"line":41,"column":28}},"5":{"start":{"line":42,"column":4},"end":{"line":42,"column":86}},"6":{"start":{"line":42,"column":47},"end":{"line":42,"column":84}},"7":{"start":{"line":46,"column":4},"end":{"line":46,"column":24}},"8":{"start":{"line":46,"column":17},"end":{"line":46,"column":24}},"9":{"start":{"line":47,"column":17},"end":{"line":47,"column":71}},"10":{"start":{"line":48,"column":17},"end":{"line":48,"column":53}},"11":{"start":{"line":49,"column":4},"end":{"line":49,"column":50}},"12":{"start":{"line":49,"column":43},"end":{"line":49,"column":50}},"13":{"start":{"line":50,"column":4},"end":{"line":53,"column":5}},"14":{"start":{"line":51,"column":6},"end":{"line":51,"column":55}},"15":{"start":{"line":52,"column":6},"end":{"line":52,"column":54}},"16":{"start":{"line":54,"column":4},"end":{"line":54,"column":37}},"17":{"start":{"line":55,"column":4},"end":{"line":55,"column":61}},"18":{"start":{"line":56,"column":4},"end":{"line":56,"column":41}}},"fnMap":{"0":{"name":"(anonymous_0)","decl":{"start":{"line":2,"column":2},"end":{"line":2,"column":3}},"loc":{"start":{"line":2,"column":31},"end":{"line":37,"column":3}},"line":2},"1":{"name":"(anonymous_1)","decl":{"start":{"line":39,"column":2},"end":{"line":39,"column":3}},"loc":{"start":{"line":39,"column":10},"end":{"line":43,"column":3}},"line":39},"2":{"name":"(anonymous_2)","decl":{"start":{"line":42,"column":40},"end":{"line":42,"column":41}},"loc":{"start":{"line":42,"column":47},"end":{"line":42,"column":84}},"line":42},"3":{"name":"(anonymous_3)","decl":{"start":{"line":45,"column":2},"end":{"line":45,"column":3}},"loc":{"start":{"line":45,"column":17},"end":{"line":57,"column":3}},"line":45}},"branchMap":{"0":{"loc":{"start":{"line":40,"column":23},"end":{"line":40,"column":60}},"type":"binary-expr","locations":[{"start":{"line":40,"column":23},"end":{"line":40,"column":51}},{"start":{"line":40,"column":55},"end":{"line":40,"column":60}}],"line":40},"1":{"loc":{"start":{"line":46,"column":4},"end":{"line":46,"column":24}},"type":"if","locations":[{"start":{"line":46,"column":4},"end":{"line":46,"column":24}},{"start":{"line":46,"column":4},"end":{"line":46,"column":24}}],"line":46},"2":{"loc":{"start":{"line":49,"column":4},"end":{"line":49,"column":50}},"type":"if","locations":[{"start":{"line":49,"column":4},"end":{"line":49,"column":50}},{"start":{"line":49,"column":4},"end":{"line":49,"column":50}}],"line":49},"3":{"loc":{"start":{"line":50,"column":4},"end":{"line":53,"column":5}},"type":"if","locations":[{"start":{"line":50,"column":4},"end":{"line":53,"column":5}},{"start":{"line":50,"column":4},"end":{"line":53,"column":5}}],"line":50}},"s":{"0":1,"1":1,"2":1,"3":2,"4":2,"5":2,"6":0,"7":3,"8":0,"9":3,"10":3,"11":3,"12":1,"13":2,"14":1,"15":1,"16":2,"17":2,"18":2},"f":{"0":1,"1":2,"2":0,"3":3},"b":{"0":[2,1],"1":[0,3],"2":[1,2],"3":[1,1]},"_coverageSchema":"43e27e138ebf9cfc5966b082cf9a028302ed4184","hash":"ea4c19c3fa553268de9c0df5155bb2970b2820bf"}
,"/Users/kseniakuncevic/education/RolingScope/kseniakuntsevich-RS2019Q3/piskel-clone/src/components/shortcut/Shortcut.js": {"path":"/Users/kseniakuncevic/education/RolingScope/kseniakuntsevich-RS2019Q3/piskel-clone/src/components/shortcut/Shortcut.js","statementMap":{"0":{"start":{"line":3,"column":4},"end":{"line":3,"column":24}},"1":{"start":{"line":4,"column":4},"end":{"line":4,"column":50}},"2":{"start":{"line":5,"column":4},"end":{"line":5,"column":64}},"3":{"start":{"line":6,"column":4},"end":{"line":6,"column":66}},"4":{"start":{"line":7,"column":4},"end":{"line":7,"column":64}},"5":{"start":{"line":8,"column":4},"end":{"line":8,"column":82}},"6":{"start":{"line":9,"column":4},"end":{"line":9,"column":61}},"7":{"start":{"line":10,"column":4},"end":{"line":10,"column":22}},"8":{"start":{"line":11,"column":4},"end":{"line":11,"column":26}},"9":{"start":{"line":12,"column":4},"end":{"line":12,"column":21}},"10":{"start":{"line":13,"column":4},"end":{"line":13,"column":26}},"11":{"start":{"line":14,"column":4},"end":{"line":14,"column":67}},"12":{"start":{"line":14,"column":50},"end":{"line":14,"column":65}},"13":{"start":{"line":15,"column":4},"end":{"line":15,"column":66}},"14":{"start":{"line":15,"column":49},"end":{"line":15,"column":64}},"15":{"start":{"line":19,"column":4},"end":{"line":19,"column":67}},"16":{"start":{"line":20,"column":4},"end":{"line":20,"column":31}},"17":{"start":{"line":20,"column":24},"end":{"line":20,"column":31}},"18":{"start":{"line":21,"column":4},"end":{"line":21,"column":24}},"19":{"start":{"line":22,"column":21},"end":{"line":22,"column":25}},"20":{"start":{"line":23,"column":4},"end":{"line":23,"column":84}},"21":{"start":{"line":23,"column":42},"end":{"line":23,"column":80}},"22":{"start":{"line":27,"column":4},"end":{"line":31,"column":5}},"23":{"start":{"line":28,"column":6},"end":{"line":28,"column":26}},"24":{"start":{"line":29,"column":6},"end":{"line":29,"column":24}},"25":{"start":{"line":30,"column":6},"end":{"line":30,"column":28}},"26":{"start":{"line":35,"column":4},"end":{"line":39,"column":5}},"27":{"start":{"line":36,"column":6},"end":{"line":36,"column":26}},"28":{"start":{"line":37,"column":6},"end":{"line":37,"column":24}},"29":{"start":{"line":38,"column":6},"end":{"line":38,"column":28}},"30":{"start":{"line":41,"column":4},"end":{"line":41,"column":27}},"31":{"start":{"line":41,"column":20},"end":{"line":41,"column":27}},"32":{"start":{"line":42,"column":23},"end":{"line":42,"column":24}},"33":{"start":{"line":43,"column":16},"end":{"line":43,"column":50}},"34":{"start":{"line":44,"column":4},"end":{"line":44,"column":21}},"35":{"start":{"line":44,"column":14},"end":{"line":44,"column":21}},"36":{"start":{"line":46,"column":24},"end":{"line":46,"column":53}},"37":{"start":{"line":47,"column":4},"end":{"line":47,"column":73}},"38":{"start":{"line":48,"column":4},"end":{"line":48,"column":41}},"39":{"start":{"line":49,"column":4},"end":{"line":49,"column":41}},"40":{"start":{"line":50,"column":4},"end":{"line":50,"column":43}},"41":{"start":{"line":52,"column":19},"end":{"line":52,"column":49}},"42":{"start":{"line":53,"column":15},"end":{"line":53,"column":49}},"43":{"start":{"line":54,"column":4},"end":{"line":54,"column":27}},"44":{"start":{"line":54,"column":18},"end":{"line":54,"column":27}},"45":{"start":{"line":55,"column":20},"end":{"line":55,"column":26}},"46":{"start":{"line":57,"column":4},"end":{"line":57,"column":29}},"47":{"start":{"line":58,"column":4},"end":{"line":58,"column":28}},"48":{"start":{"line":59,"column":4},"end":{"line":59,"column":41}},"49":{"start":{"line":60,"column":4},"end":{"line":60,"column":39}},"50":{"start":{"line":64,"column":4},"end":{"line":64,"column":70}},"51":{"start":{"line":68,"column":4},"end":{"line":68,"column":24}},"52":{"start":{"line":69,"column":26},"end":{"line":69,"column":30}},"53":{"start":{"line":70,"column":4},"end":{"line":72,"column":7}},"54":{"start":{"line":71,"column":6},"end":{"line":71,"column":43}},"55":{"start":{"line":74,"column":4},"end":{"line":77,"column":7}},"56":{"start":{"line":75,"column":23},"end":{"line":75,"column":34}},"57":{"start":{"line":76,"column":6},"end":{"line":76,"column":46}},"58":{"start":{"line":81,"column":4},"end":{"line":81,"column":39}},"59":{"start":{"line":85,"column":4},"end":{"line":85,"column":38}},"60":{"start":{"line":89,"column":4},"end":{"line":92,"column":7}},"61":{"start":{"line":90,"column":23},"end":{"line":90,"column":34}},"62":{"start":{"line":91,"column":6},"end":{"line":91,"column":53}},"63":{"start":{"line":93,"column":4},"end":{"line":93,"column":24}},"64":{"start":{"line":94,"column":4},"end":{"line":94,"column":28}},"65":{"start":{"line":98,"column":4},"end":{"line":98,"column":23}},"66":{"start":{"line":99,"column":4},"end":{"line":99,"column":67}},"67":{"start":{"line":99,"column":48},"end":{"line":99,"column":65}},"68":{"start":{"line":100,"column":4},"end":{"line":100,"column":76}},"69":{"start":{"line":100,"column":55},"end":{"line":100,"column":74}},"70":{"start":{"line":101,"column":4},"end":{"line":101,"column":72}},"71":{"start":{"line":101,"column":54},"end":{"line":101,"column":70}},"72":{"start":{"line":102,"column":4},"end":{"line":102,"column":98}},"73":{"start":{"line":102,"column":56},"end":{"line":102,"column":76}},"74":{"start":{"line":102,"column":77},"end":{"line":102,"column":94}},"75":{"start":{"line":103,"column":4},"end":{"line":103,"column":24}},"76":{"start":{"line":107,"column":16},"end":{"line":107,"column":35}},"77":{"start":{"line":108,"column":17},"end":{"line":108,"column":36}},"78":{"start":{"line":109,"column":4},"end":{"line":109,"column":22}},"79":{"start":{"line":109,"column":15},"end":{"line":109,"column":22}},"80":{"start":{"line":111,"column":14},"end":{"line":111,"column":29}},"81":{"start":{"line":112,"column":4},"end":{"line":112,"column":15}}},"fnMap":{"0":{"name":"(anonymous_0)","decl":{"start":{"line":2,"column":2},"end":{"line":2,"column":3}},"loc":{"start":{"line":2,"column":20},"end":{"line":16,"column":3}},"line":2},"1":{"name":"(anonymous_1)","decl":{"start":{"line":14,"column":43},"end":{"line":14,"column":44}},"loc":{"start":{"line":14,"column":50},"end":{"line":14,"column":65}},"line":14},"2":{"name":"(anonymous_2)","decl":{"start":{"line":15,"column":42},"end":{"line":15,"column":43}},"loc":{"start":{"line":15,"column":49},"end":{"line":15,"column":64}},"line":15},"3":{"name":"(anonymous_3)","decl":{"start":{"line":18,"column":2},"end":{"line":18,"column":3}},"loc":{"start":{"line":18,"column":16},"end":{"line":24,"column":3}},"line":18},"4":{"name":"(anonymous_4)","decl":{"start":{"line":23,"column":30},"end":{"line":23,"column":31}},"loc":{"start":{"line":23,"column":40},"end":{"line":23,"column":82}},"line":23},"5":{"name":"(anonymous_5)","decl":{"start":{"line":26,"column":2},"end":{"line":26,"column":3}},"loc":{"start":{"line":26,"column":13},"end":{"line":32,"column":3}},"line":26},"6":{"name":"(anonymous_6)","decl":{"start":{"line":34,"column":2},"end":{"line":34,"column":3}},"loc":{"start":{"line":34,"column":13},"end":{"line":61,"column":3}},"line":34},"7":{"name":"(anonymous_7)","decl":{"start":{"line":63,"column":2},"end":{"line":63,"column":3}},"loc":{"start":{"line":63,"column":21},"end":{"line":65,"column":3}},"line":63},"8":{"name":"(anonymous_8)","decl":{"start":{"line":67,"column":2},"end":{"line":67,"column":3}},"loc":{"start":{"line":67,"column":17},"end":{"line":78,"column":3}},"line":67},"9":{"name":"(anonymous_9)","decl":{"start":{"line":70,"column":35},"end":{"line":70,"column":36}},"loc":{"start":{"line":70,"column":44},"end":{"line":72,"column":5}},"line":70},"10":{"name":"(anonymous_10)","decl":{"start":{"line":74,"column":25},"end":{"line":74,"column":26}},"loc":{"start":{"line":74,"column":37},"end":{"line":77,"column":5}},"line":74},"11":{"name":"(anonymous_11)","decl":{"start":{"line":80,"column":2},"end":{"line":80,"column":3}},"loc":{"start":{"line":80,"column":14},"end":{"line":82,"column":3}},"line":80},"12":{"name":"(anonymous_12)","decl":{"start":{"line":84,"column":2},"end":{"line":84,"column":3}},"loc":{"start":{"line":84,"column":17},"end":{"line":86,"column":3}},"line":84},"13":{"name":"(anonymous_13)","decl":{"start":{"line":88,"column":2},"end":{"line":88,"column":3}},"loc":{"start":{"line":88,"column":14},"end":{"line":95,"column":3}},"line":88},"14":{"name":"(anonymous_14)","decl":{"start":{"line":89,"column":25},"end":{"line":89,"column":26}},"loc":{"start":{"line":89,"column":34},"end":{"line":92,"column":5}},"line":89},"15":{"name":"(anonymous_15)","decl":{"start":{"line":97,"column":2},"end":{"line":97,"column":3}},"loc":{"start":{"line":97,"column":10},"end":{"line":104,"column":3}},"line":97},"16":{"name":"(anonymous_16)","decl":{"start":{"line":99,"column":41},"end":{"line":99,"column":42}},"loc":{"start":{"line":99,"column":48},"end":{"line":99,"column":65}},"line":99},"17":{"name":"(anonymous_17)","decl":{"start":{"line":100,"column":49},"end":{"line":100,"column":50}},"loc":{"start":{"line":100,"column":55},"end":{"line":100,"column":74}},"line":100},"18":{"name":"(anonymous_18)","decl":{"start":{"line":101,"column":48},"end":{"line":101,"column":49}},"loc":{"start":{"line":101,"column":54},"end":{"line":101,"column":70}},"line":101},"19":{"name":"(anonymous_19)","decl":{"start":{"line":102,"column":48},"end":{"line":102,"column":49}},"loc":{"start":{"line":102,"column":54},"end":{"line":102,"column":96}},"line":102},"20":{"name":"(anonymous_20)","decl":{"start":{"line":106,"column":2},"end":{"line":106,"column":3}},"loc":{"start":{"line":106,"column":15},"end":{"line":113,"column":3}},"line":106}},"branchMap":{"0":{"loc":{"start":{"line":8,"column":19},"end":{"line":8,"column":81}},"type":"cond-expr","locations":[{"start":{"line":8,"column":32},"end":{"line":8,"column":74}},{"start":{"line":8,"column":77},"end":{"line":8,"column":81}}],"line":8},"1":{"loc":{"start":{"line":20,"column":4},"end":{"line":20,"column":31}},"type":"if","locations":[{"start":{"line":20,"column":4},"end":{"line":20,"column":31}},{"start":{"line":20,"column":4},"end":{"line":20,"column":31}}],"line":20},"2":{"loc":{"start":{"line":27,"column":4},"end":{"line":31,"column":5}},"type":"if","locations":[{"start":{"line":27,"column":4},"end":{"line":31,"column":5}},{"start":{"line":27,"column":4},"end":{"line":31,"column":5}}],"line":27},"3":{"loc":{"start":{"line":35,"column":4},"end":{"line":39,"column":5}},"type":"if","locations":[{"start":{"line":35,"column":4},"end":{"line":39,"column":5}},{"start":{"line":35,"column":4},"end":{"line":39,"column":5}}],"line":35},"4":{"loc":{"start":{"line":35,"column":8},"end":{"line":35,"column":65}},"type":"binary-expr","locations":[{"start":{"line":35,"column":8},"end":{"line":35,"column":22}},{"start":{"line":35,"column":26},"end":{"line":35,"column":65}}],"line":35},"5":{"loc":{"start":{"line":41,"column":4},"end":{"line":41,"column":27}},"type":"if","locations":[{"start":{"line":41,"column":4},"end":{"line":41,"column":27}},{"start":{"line":41,"column":4},"end":{"line":41,"column":27}}],"line":41},"6":{"loc":{"start":{"line":44,"column":4},"end":{"line":44,"column":21}},"type":"if","locations":[{"start":{"line":44,"column":4},"end":{"line":44,"column":21}},{"start":{"line":44,"column":4},"end":{"line":44,"column":21}}],"line":44},"7":{"loc":{"start":{"line":54,"column":4},"end":{"line":54,"column":27}},"type":"if","locations":[{"start":{"line":54,"column":4},"end":{"line":54,"column":27}},{"start":{"line":54,"column":4},"end":{"line":54,"column":27}}],"line":54},"8":{"loc":{"start":{"line":109,"column":4},"end":{"line":109,"column":22}},"type":"if","locations":[{"start":{"line":109,"column":4},"end":{"line":109,"column":22}},{"start":{"line":109,"column":4},"end":{"line":109,"column":22}}],"line":109}},"s":{"0":1,"1":1,"2":1,"3":1,"4":1,"5":1,"6":1,"7":1,"8":1,"9":1,"10":1,"11":1,"12":0,"13":1,"14":0,"15":2,"16":2,"17":0,"18":2,"19":2,"20":2,"21":10,"22":1,"23":1,"24":1,"25":1,"26":2,"27":1,"28":1,"29":1,"30":2,"31":0,"32":2,"33":2,"34":2,"35":0,"36":2,"37":2,"38":2,"39":2,"40":2,"41":2,"42":2,"43":2,"44":0,"45":2,"46":2,"47":2,"48":2,"49":2,"50":2,"51":2,"52":2,"53":2,"54":10,"55":2,"56":10,"57":10,"58":1,"59":1,"60":1,"61":5,"62":5,"63":1,"64":1,"65":1,"66":1,"67":0,"68":1,"69":0,"70":1,"71":0,"72":1,"73":0,"74":0,"75":1,"76":1,"77":1,"78":1,"79":0,"80":1,"81":1},"f":{"0":1,"1":0,"2":0,"3":2,"4":10,"5":1,"6":2,"7":2,"8":2,"9":10,"10":10,"11":1,"12":1,"13":1,"14":5,"15":1,"16":0,"17":0,"18":0,"19":0,"20":1},"b":{"0":[0,1],"1":[0,2],"2":[1,0],"3":[1,1],"4":[2,1],"5":[0,2],"6":[0,2],"7":[0,2],"8":[0,1]},"_coverageSchema":"43e27e138ebf9cfc5966b082cf9a028302ed4184","hash":"a82affa85113a3712c3264f211ae072b4e03b482"}
}
