TN:
SF:/Users/kseniakuncevic/education/RolingScope/kseniakuntsevich-RS2019Q3/piskel-clone/src/components/canvas/Canvas.js
FN:2,(anonymous_0)
FN:13,(anonymous_1)
FN:14,(anonymous_2)
FN:20,(anonymous_3)
FN:27,(anonymous_4)
FN:32,(anonymous_5)
FN:36,(anonymous_6)
FN:40,(anonymous_7)
FN:44,(anonymous_8)
FN:66,(anonymous_9)
FN:79,(anonymous_10)
FN:80,(anonymous_11)
FN:91,(anonymous_12)
FNF:13
FNH:13
FNDA:15,(anonymous_0)
FNDA:16,(anonymous_1)
FNDA:5,(anonymous_2)
FNDA:19,(anonymous_3)
FNDA:8,(anonymous_4)
FNDA:74,(anonymous_5)
FNDA:48,(anonymous_6)
FNDA:7,(anonymous_7)
FNDA:42,(anonymous_8)
FNDA:1,(anonymous_9)
FNDA:4,(anonymous_10)
FNDA:16,(anonymous_11)
FNDA:32,(anonymous_12)
DA:3,15
DA:4,15
DA:5,15
DA:6,15
DA:10,15
DA:14,16
DA:15,5
DA:16,5
DA:21,19
DA:22,16
DA:23,16
DA:28,8
DA:29,8
DA:33,74
DA:37,48
DA:41,7
DA:46,42
DA:47,37
DA:48,37
DA:49,37
DA:50,37
DA:51,37
DA:52,37
DA:53,37
DA:54,5
DA:55,4
DA:56,4
DA:57,4
DA:60,42
DA:61,35
DA:62,35
DA:67,1
DA:68,1
DA:70,1
DA:71,1
DA:73,1
DA:74,1
DA:76,1
DA:77,1
DA:79,1
DA:80,4
DA:81,16
DA:82,16
DA:83,16
DA:86,4
DA:87,4
DA:92,32
DA:93,32
DA:94,32
DA:95,32
DA:97,32
DA:98,32
DA:99,32
DA:102,0
LF:54
LH:53
BRDA:4,0,0,15
BRDA:4,0,1,0
BRDA:5,1,0,15
BRDA:5,1,1,15
BRDA:16,2,0,0
BRDA:16,2,1,5
BRDA:21,3,0,16
BRDA:21,3,1,3
BRDA:46,4,0,37
BRDA:46,4,1,5
BRDA:52,5,0,5
BRDA:52,5,1,32
BRDA:53,6,0,27
BRDA:53,6,1,10
BRDA:53,7,0,37
BRDA:53,7,1,32
BRDA:54,8,0,4
BRDA:54,8,1,1
BRDA:54,9,0,5
BRDA:54,9,1,4
BRDA:57,10,0,3
BRDA:57,10,1,1
BRDA:60,11,0,35
BRDA:60,11,1,7
BRDA:92,12,0,32
BRDA:92,12,1,0
BRDA:95,13,0,32
BRDA:95,13,1,0
BRF:28
BRH:24
end_of_record
TN:
SF:/Users/kseniakuncevic/education/RolingScope/kseniakuntsevich-RS2019Q3/piskel-clone/src/components/canvas-animation/CanvasAnimation.js
FN:4,(anonymous_0)
FN:13,(anonymous_1)
FN:18,(anonymous_2)
FN:19,(anonymous_3)
FN:21,(anonymous_4)
FN:24,(anonymous_5)
FN:29,(anonymous_6)
FN:33,(anonymous_7)
FN:37,(anonymous_8)
FN:46,(anonymous_9)
FN:48,(anonymous_10)
FN:49,(anonymous_11)
FN:53,(anonymous_12)
FN:55,(anonymous_13)
FN:63,(anonymous_14)
FNF:15
FNH:9
FNDA:3,(anonymous_0)
FNDA:1,(anonymous_1)
FNDA:0,(anonymous_2)
FNDA:0,(anonymous_3)
FNDA:0,(anonymous_4)
FNDA:1,(anonymous_5)
FNDA:2,(anonymous_6)
FNDA:38,(anonymous_7)
FNDA:1,(anonymous_8)
FNDA:12,(anonymous_9)
FNDA:0,(anonymous_10)
FNDA:0,(anonymous_11)
FNDA:1,(anonymous_12)
FNDA:0,(anonymous_13)
FNDA:6,(anonymous_14)
DA:5,3
DA:6,3
DA:7,3
DA:8,3
DA:9,3
DA:10,3
DA:14,1
DA:15,1
DA:16,1
DA:17,1
DA:18,1
DA:19,0
DA:21,1
DA:25,1
DA:26,1
DA:30,2
DA:34,38
DA:38,1
DA:39,1
DA:40,1
DA:41,1
DA:42,1
DA:47,12
DA:48,12
DA:49,0
DA:54,1
DA:55,1
DA:56,0
DA:57,0
DA:59,1
DA:64,6
DA:65,6
DA:66,6
DA:67,0
DA:68,0
DA:69,0
LF:36
LH:29
BRDA:9,0,0,3
BRDA:9,0,1,3
BRDA:10,1,0,3
BRDA:10,1,1,0
BRDA:21,2,0,1
BRDA:21,2,1,0
BRDA:30,3,0,2
BRDA:30,3,1,0
BRDA:34,4,0,38
BRDA:34,4,1,30
BRDA:34,4,2,26
BRDA:39,5,0,1
BRDA:39,5,1,0
BRDA:54,6,0,1
BRDA:54,6,1,1
BRDA:64,7,0,6
BRDA:64,7,1,0
BRDA:66,8,0,6
BRDA:66,8,1,0
BRF:19
BRH:13
end_of_record
TN:
SF:/Users/kseniakuncevic/education/RolingScope/kseniakuntsevich-RS2019Q3/piskel-clone/src/components/canvas-animation/FullScreen.js
FN:2,(anonymous_0)
FN:7,(anonymous_1)
FN:11,(anonymous_2)
FN:12,(anonymous_3)
FN:19,(anonymous_4)
FNF:5
FNH:3
FNDA:3,(anonymous_0)
FNDA:1,(anonymous_1)
FNDA:0,(anonymous_2)
FNDA:0,(anonymous_3)
FNDA:2,(anonymous_4)
DA:3,3
DA:4,3
DA:8,1
DA:10,1
DA:11,0
DA:12,0
DA:15,1
DA:16,1
DA:20,2
LF:9
LH:7
BRDA:10,0,0,0
BRDA:10,0,1,1
BRF:2
BRH:1
end_of_record
TN:
SF:/Users/kseniakuncevic/education/RolingScope/kseniakuntsevich-RS2019Q3/piskel-clone/src/components/frames-list/DragnDrop.js
FN:2,(anonymous_0)
FN:10,(anonymous_1)
FN:20,(anonymous_2)
FN:31,(anonymous_3)
FN:40,(anonymous_4)
FN:41,(anonymous_5)
FN:46,(anonymous_6)
FN:48,(anonymous_7)
FN:52,(anonymous_8)
FNF:9
FNH:6
FNDA:1,(anonymous_0)
FNDA:1,(anonymous_1)
FNDA:2,(anonymous_2)
FNDA:1,(anonymous_3)
FNDA:0,(anonymous_4)
FNDA:0,(anonymous_5)
FNDA:1,(anonymous_6)
FNDA:4,(anonymous_7)
FNDA:0,(anonymous_8)
DA:3,1
DA:4,1
DA:5,1
DA:6,1
DA:7,1
DA:11,1
DA:12,1
DA:13,1
DA:14,1
DA:15,1
DA:16,0
DA:21,2
DA:22,2
DA:23,2
DA:24,2
DA:26,2
DA:27,2
DA:32,1
DA:33,1
DA:34,1
DA:35,1
DA:37,1
DA:38,1
DA:40,1
DA:41,1
DA:43,1
DA:47,1
DA:48,1
DA:49,4
DA:52,1
LF:30
LH:29
BRDA:14,0,0,1
BRDA:14,0,1,0
BRDA:15,1,0,0
BRDA:15,1,1,1
BRDA:15,2,0,1
BRDA:15,2,1,1
BRDA:15,2,2,1
BRDA:26,3,0,2
BRDA:26,3,1,0
BRDA:32,4,0,0
BRDA:32,4,1,1
BRF:11
BRH:7
end_of_record
TN:
SF:/Users/kseniakuncevic/education/RolingScope/kseniakuntsevich-RS2019Q3/piskel-clone/src/components/frames-list/Frame.js
FN:4,(anonymous_0)
FN:17,(anonymous_1)
FN:42,(anonymous_2)
FN:43,(anonymous_3)
FN:44,(anonymous_4)
FN:58,(anonymous_5)
FNF:6
FNH:3
FNDA:1,(anonymous_0)
FNDA:2,(anonymous_1)
FNDA:0,(anonymous_2)
FNDA:0,(anonymous_3)
FNDA:0,(anonymous_4)
FNDA:2,(anonymous_5)
DA:5,1
DA:6,1
DA:7,1
DA:8,1
DA:9,1
DA:10,1
DA:11,1
DA:12,1
DA:13,1
DA:14,1
DA:18,2
DA:19,2
DA:20,2
DA:21,2
DA:22,2
DA:23,2
DA:25,2
DA:26,2
DA:27,2
DA:28,2
DA:30,2
DA:31,2
DA:32,2
DA:33,2
DA:34,2
DA:35,2
DA:36,2
DA:37,2
DA:38,2
DA:39,2
DA:40,2
DA:42,2
DA:43,2
DA:44,2
DA:45,0
DA:49,2
DA:50,2
DA:51,2
DA:52,2
DA:53,2
DA:54,2
DA:55,2
DA:59,2
DA:60,2
DA:61,2
DA:62,0
DA:63,0
DA:64,0
DA:65,0
DA:66,0
DA:67,0
DA:68,0
DA:69,0
LF:53
LH:44
BRDA:45,0,0,0
BRDA:45,0,1,0
BRDA:55,1,0,1
BRDA:55,1,1,1
BRDA:61,2,0,0
BRDA:61,2,1,2
BRF:6
BRH:3
end_of_record
TN:
SF:/Users/kseniakuncevic/education/RolingScope/kseniakuntsevich-RS2019Q3/piskel-clone/src/components/frames-list/FramesConstructor.js
FN:5,(anonymous_0)
FN:21,(anonymous_1)
FN:25,(anonymous_2)
FN:27,(anonymous_3)
FN:29,(anonymous_4)
FN:34,(anonymous_5)
FN:38,(anonymous_6)
FN:47,(anonymous_7)
FN:58,(anonymous_8)
FN:62,(anonymous_9)
FN:68,(anonymous_10)
FN:74,(anonymous_11)
FN:81,(anonymous_12)
FN:89,(anonymous_13)
FN:96,(anonymous_14)
FN:104,(anonymous_15)
FN:106,(anonymous_16)
FN:111,(anonymous_17)
FN:118,(anonymous_18)
FNF:19
FNH:6
FNDA:1,(anonymous_0)
FNDA:0,(anonymous_1)
FNDA:0,(anonymous_2)
FNDA:0,(anonymous_3)
FNDA:0,(anonymous_4)
FNDA:5,(anonymous_5)
FNDA:15,(anonymous_6)
FNDA:2,(anonymous_7)
FNDA:0,(anonymous_8)
FNDA:0,(anonymous_9)
FNDA:100,(anonymous_10)
FNDA:0,(anonymous_11)
FNDA:0,(anonymous_12)
FNDA:0,(anonymous_13)
FNDA:0,(anonymous_14)
FNDA:0,(anonymous_15)
FNDA:0,(anonymous_16)
FNDA:0,(anonymous_17)
FNDA:5,(anonymous_18)
DA:6,1
DA:7,1
DA:8,1
DA:9,1
DA:10,1
DA:11,1
DA:12,1
DA:13,1
DA:14,1
DA:15,1
DA:16,1
DA:17,1
DA:18,1
DA:22,0
DA:23,0
DA:24,0
DA:25,0
DA:26,0
DA:27,0
DA:28,0
DA:29,0
DA:30,0
DA:35,5
DA:36,5
DA:37,5
DA:38,5
DA:39,15
DA:40,15
DA:41,15
DA:42,15
DA:44,5
DA:48,2
DA:49,2
DA:51,2
DA:52,2
DA:54,2
DA:55,2
DA:59,0
DA:60,0
DA:62,0
DA:63,0
DA:65,0
DA:69,100
DA:70,100
DA:71,100
DA:75,0
DA:76,0
DA:77,0
DA:78,0
DA:82,0
DA:83,0
DA:84,0
DA:85,0
DA:86,0
DA:90,0
DA:91,0
DA:92,0
DA:93,0
DA:97,0
DA:98,0
DA:99,0
DA:100,0
DA:101,0
DA:105,0
DA:106,0
DA:107,0
DA:112,0
DA:113,0
DA:114,0
DA:115,0
DA:119,5
DA:120,5
DA:121,5
DA:122,5
DA:123,5
DA:124,5
DA:125,5
DA:126,5
DA:127,0
LF:79
LH:39
BRDA:9,0,0,1
BRDA:9,0,1,1
BRDA:10,1,0,1
BRDA:10,1,1,1
BRDA:11,2,0,1
BRDA:11,2,1,1
BRDA:52,3,0,0
BRDA:52,3,1,2
BRDA:59,4,0,0
BRDA:59,4,1,0
BRDA:75,5,0,0
BRDA:75,5,1,0
BRDA:107,6,0,0
BRDA:107,6,1,0
BRDA:119,7,0,5
BRDA:119,7,1,0
BRDA:119,8,0,5
BRDA:119,8,1,0
BRDA:121,9,0,0
BRDA:121,9,1,5
BRDA:122,10,0,5
BRDA:122,10,1,1
BRDA:126,11,0,0
BRDA:126,11,1,5
BRDA:127,12,0,0
BRDA:127,12,1,0
BRF:26
BRH:13
end_of_record
TN:
SF:/Users/kseniakuncevic/education/RolingScope/kseniakuntsevich-RS2019Q3/piskel-clone/src/components/palette/Palette.js
FN:2,(anonymous_0)
FN:12,(anonymous_1)
FN:16,(anonymous_2)
FN:32,(anonymous_3)
FN:47,(anonymous_4)
FN:61,(anonymous_5)
FN:62,(anonymous_6)
FN:74,(anonymous_7)
FN:91,(anonymous_8)
FN:102,(anonymous_9)
FN:106,(anonymous_10)
FN:116,(anonymous_11)
FN:126,(anonymous_12)
FN:133,(anonymous_13)
FN:142,(anonymous_14)
FN:164,(anonymous_15)
FN:186,(anonymous_16)
FN:203,(anonymous_17)
FN:215,(anonymous_18)
FN:224,(anonymous_19)
FN:229,(anonymous_20)
FNF:21
FNH:15
FNDA:1,(anonymous_0)
FNDA:1,(anonymous_1)
FNDA:7,(anonymous_2)
FNDA:4,(anonymous_3)
FNDA:1,(anonymous_4)
FNDA:3,(anonymous_5)
FNDA:9,(anonymous_6)
FNDA:1,(anonymous_7)
FNDA:1,(anonymous_8)
FNDA:1,(anonymous_9)
FNDA:5,(anonymous_10)
FNDA:25,(anonymous_11)
FNDA:4,(anonymous_12)
FNDA:16,(anonymous_13)
FNDA:1,(anonymous_14)
FNDA:0,(anonymous_15)
FNDA:0,(anonymous_16)
FNDA:0,(anonymous_17)
FNDA:0,(anonymous_18)
FNDA:0,(anonymous_19)
FNDA:0,(anonymous_20)
DA:3,1
DA:4,1
DA:5,1
DA:6,1
DA:7,1
DA:8,1
DA:9,1
DA:13,1
DA:20,7
DA:21,0
DA:22,0
DA:24,7
DA:25,7
DA:27,7
DA:28,7
DA:29,7
DA:33,4
DA:34,4
DA:35,4
DA:36,4
DA:37,4
DA:38,4
DA:39,4
DA:40,4
DA:41,4
DA:42,4
DA:48,1
DA:49,1
DA:50,1
DA:52,1
DA:53,1
DA:54,1
DA:55,1
DA:56,1
DA:58,1
DA:59,1
DA:61,1
DA:62,3
DA:63,9
DA:64,6
DA:70,1
DA:71,1
DA:75,1
DA:76,1
DA:77,1
DA:78,1
DA:79,1
DA:80,4
DA:81,4
DA:82,16
DA:84,4
DA:86,1
DA:87,1
DA:88,1
DA:92,1
DA:93,1
DA:94,1
DA:96,1
DA:97,1
DA:98,1
DA:99,1
DA:100,1
DA:101,1
DA:102,1
DA:103,1
DA:107,5
DA:108,5
DA:115,5
DA:116,5
DA:117,25
DA:118,25
DA:119,25
DA:120,18
DA:122,18
DA:123,4
DA:126,4
DA:127,4
DA:130,5
DA:134,16
DA:135,16
DA:136,16
DA:137,16
DA:138,16
DA:139,16
DA:143,1
DA:144,1
DA:145,1
DA:146,1
DA:148,1
DA:149,1
DA:150,1
DA:151,1
DA:152,1
DA:153,5
DA:157,5
DA:158,4
DA:159,4
DA:160,4
DA:165,0
DA:166,0
DA:167,0
DA:168,0
DA:169,0
DA:171,0
DA:172,0
DA:173,0
DA:174,0
DA:177,0
DA:178,0
DA:179,0
DA:180,0
DA:183,0
DA:187,0
DA:188,0
DA:189,0
DA:190,0
DA:192,0
DA:193,0
DA:194,0
DA:195,0
DA:196,0
DA:198,0
DA:199,0
DA:200,0
DA:204,0
DA:205,0
DA:206,0
DA:208,0
DA:209,0
DA:210,0
DA:211,0
DA:212,0
DA:216,0
DA:217,0
DA:218,0
DA:219,0
DA:220,0
DA:225,0
DA:226,0
DA:230,0
DA:231,0
LF:141
LH:96
BRDA:5,0,0,1
BRDA:5,0,1,1
BRDA:13,1,0,1
BRDA:13,1,1,0
BRDA:20,2,0,0
BRDA:20,2,1,7
BRDA:20,3,0,7
BRDA:20,3,1,7
BRDA:49,4,0,1
BRDA:49,4,1,0
BRDA:54,5,0,0
BRDA:54,5,1,1
BRDA:56,6,0,0
BRDA:56,6,1,1
BRDA:56,7,0,1
BRDA:56,7,1,1
BRDA:63,8,0,6
BRDA:63,8,1,3
BRDA:93,9,0,1
BRDA:93,9,1,0
BRDA:98,10,0,0
BRDA:98,10,1,1
BRDA:100,11,0,0
BRDA:100,11,1,1
BRDA:100,12,0,1
BRDA:100,12,1,1
BRDA:119,13,0,7
BRDA:119,13,1,18
BRDA:119,14,0,25
BRDA:119,14,1,21
BRDA:119,14,2,19
BRDA:119,14,3,19
BRDA:122,15,0,4
BRDA:122,15,1,14
BRDA:122,16,0,18
BRDA:122,16,1,4
BRDA:136,17,0,16
BRDA:136,17,1,0
BRDA:145,18,0,1
BRDA:145,18,1,0
BRDA:146,19,0,1
BRDA:146,19,1,0
BRDA:157,20,0,1
BRDA:157,20,1,4
BRDA:157,21,0,5
BRDA:157,21,1,1
BRDA:159,22,0,4
BRDA:159,22,1,0
BRDA:160,23,0,4
BRDA:160,23,1,0
BRDA:167,24,0,0
BRDA:167,24,1,0
BRDA:173,25,0,0
BRDA:173,25,1,0
BRDA:179,26,0,0
BRDA:179,26,1,0
BRDA:183,27,0,0
BRDA:183,27,1,0
BRDA:188,28,0,0
BRDA:188,28,1,0
BRDA:188,29,0,0
BRDA:188,29,1,0
BRDA:189,30,0,0
BRDA:189,30,1,0
BRDA:205,31,0,0
BRDA:205,31,1,0
BRDA:217,32,0,0
BRDA:217,32,1,0
BRF:68
BRH:37
end_of_record
TN:
SF:/Users/kseniakuncevic/education/RolingScope/kseniakuntsevich-RS2019Q3/piskel-clone/src/components/palette/PaletteSwitcherController.js
FN:2,(anonymous_0)
FN:39,(anonymous_1)
FN:42,(anonymous_2)
FN:45,(anonymous_3)
FNF:4
FNH:3
FNDA:1,(anonymous_0)
FNDA:2,(anonymous_1)
FNDA:0,(anonymous_2)
FNDA:3,(anonymous_3)
DA:3,1
DA:4,1
DA:5,1
DA:40,2
DA:41,2
DA:42,2
DA:46,3
DA:47,3
DA:48,3
DA:49,3
DA:50,2
DA:51,1
DA:52,1
DA:54,2
DA:55,2
DA:56,2
LF:16
LH:16
BRDA:40,0,0,2
BRDA:40,0,1,1
BRDA:46,1,0,0
BRDA:46,1,1,3
BRDA:49,2,0,1
BRDA:49,2,1,2
BRDA:50,3,0,1
BRDA:50,3,1,1
BRF:8
BRH:7
end_of_record
TN:
SF:/Users/kseniakuncevic/education/RolingScope/kseniakuntsevich-RS2019Q3/piskel-clone/src/components/shortcut/Shortcut.js
FN:2,(anonymous_0)
FN:14,(anonymous_1)
FN:15,(anonymous_2)
FN:18,(anonymous_3)
FN:23,(anonymous_4)
FN:26,(anonymous_5)
FN:34,(anonymous_6)
FN:63,(anonymous_7)
FN:67,(anonymous_8)
FN:70,(anonymous_9)
FN:74,(anonymous_10)
FN:80,(anonymous_11)
FN:84,(anonymous_12)
FN:88,(anonymous_13)
FN:89,(anonymous_14)
FN:97,(anonymous_15)
FN:99,(anonymous_16)
FN:100,(anonymous_17)
FN:101,(anonymous_18)
FN:102,(anonymous_19)
FN:106,(anonymous_20)
FNF:21
FNH:15
FNDA:1,(anonymous_0)
FNDA:0,(anonymous_1)
FNDA:0,(anonymous_2)
FNDA:2,(anonymous_3)
FNDA:10,(anonymous_4)
FNDA:1,(anonymous_5)
FNDA:2,(anonymous_6)
FNDA:2,(anonymous_7)
FNDA:2,(anonymous_8)
FNDA:10,(anonymous_9)
FNDA:10,(anonymous_10)
FNDA:1,(anonymous_11)
FNDA:1,(anonymous_12)
FNDA:1,(anonymous_13)
FNDA:5,(anonymous_14)
FNDA:1,(anonymous_15)
FNDA:0,(anonymous_16)
FNDA:0,(anonymous_17)
FNDA:0,(anonymous_18)
FNDA:0,(anonymous_19)
FNDA:1,(anonymous_20)
DA:3,1
DA:4,1
DA:5,1
DA:6,1
DA:7,1
DA:8,1
DA:9,1
DA:10,1
DA:11,1
DA:12,1
DA:13,1
DA:14,1
DA:15,1
DA:19,2
DA:20,2
DA:21,2
DA:22,2
DA:23,10
DA:27,1
DA:28,1
DA:29,1
DA:30,1
DA:35,2
DA:36,1
DA:37,1
DA:38,1
DA:41,2
DA:42,2
DA:43,2
DA:44,2
DA:46,2
DA:47,2
DA:48,2
DA:49,2
DA:50,2
DA:52,2
DA:53,2
DA:54,2
DA:55,2
DA:57,2
DA:58,2
DA:59,2
DA:60,2
DA:64,2
DA:68,2
DA:69,2
DA:70,2
DA:71,10
DA:74,2
DA:75,10
DA:76,10
DA:81,1
DA:85,1
DA:89,1
DA:90,5
DA:91,5
DA:93,1
DA:94,1
DA:98,1
DA:99,1
DA:100,1
DA:101,1
DA:102,1
DA:103,1
DA:107,1
DA:108,1
DA:109,1
DA:111,1
DA:112,1
LF:69
LH:69
BRDA:8,0,0,0
BRDA:8,0,1,1
BRDA:20,1,0,0
BRDA:20,1,1,2
BRDA:27,2,0,1
BRDA:27,2,1,0
BRDA:35,3,0,1
BRDA:35,3,1,1
BRDA:35,4,0,2
BRDA:35,4,1,1
BRDA:41,5,0,0
BRDA:41,5,1,2
BRDA:44,6,0,0
BRDA:44,6,1,2
BRDA:54,7,0,0
BRDA:54,7,1,2
BRDA:109,8,0,0
BRDA:109,8,1,1
BRF:18
BRH:11
end_of_record
